<?xml version="1.0" encoding="UTF-8"?>
<!-- Generated by org.testng.reporters.JUnitReportReporter -->
<testsuite ignored="0" hostname="Qualitrix-LinuxPC" failures="0" tests="1" name="org.testscript.creator.MentorCreateCourseAndCreateOpenBatchForIt" time="32.350" errors="0" timestamp="17 Dec 2018 07:06:19 GMT" skipped="0">
  <testcase classname="org.testscript.creator.MentorCreateCourseAndCreateOpenBatchForIt" name="mentorCreateCourseAndCreateOpenBatchForIt" time="32.350"/>
</testsuite> <!-- org.testscript.creator.MentorCreateCourseAndCreateOpenBatchForIt -->
