<?xml version="1.0" encoding="UTF-8"?>
<!-- Generated by org.testng.reporters.JUnitReportReporter -->
<testsuite name="org.Diksha.testscripts.Diksha_TC_15_16_17_7" tests="1" time="235.176" ignored="0" failures="0" timestamp="15 Sep 2018 05:55:48 GMT" skipped="0" hostname="princess-Lenovo-G560" errors="0">
  <testcase name="uploadContentPDFDiksha_TC_15_7" time="235.176" classname="org.Diksha.testscripts.Diksha_TC_15_16_17_7"/>
</testsuite> <!-- org.Diksha.testscripts.Diksha_TC_15_16_17_7 -->
