<?xml version="1.0" encoding="UTF-8"?>
<!-- Generated by org.testng.reporters.JUnitReportReporter -->
<testsuite ignored="0" hostname="Qualitrix-LinuxPC" failures="0" tests="2" name="org.testscript.admin.AdminCreationAndDownloadCsv" time="0.002" errors="0" timestamp="02 Jan 2019 05:53:41 GMT" skipped="2">
  <testcase classname="org.testscript.admin.AdminCreationAndDownloadCsv" name="adminCreationAndDownloadCsv" time="0.001">
    <skipped/>
  </testcase> <!-- adminCreationAndDownloadCsv -->
  <testcase classname="org.testscript.admin.AdminCreationAndDownloadCsv" name="adminCreationAndDownloadCsv" time="0.001">
    <skipped/>
  </testcase> <!-- adminCreationAndDownloadCsv -->
</testsuite> <!-- org.testscript.admin.AdminCreationAndDownloadCsv -->
