<?xml version="1.0" encoding="UTF-8"?>
<!-- Generated by org.testng.reporters.JUnitReportReporter -->
<testsuite ignored="0" hostname="Qualitrix-LinuxPC" failures="0" tests="1" name="org.testscript.admin.UploadSubOrgUsersWithOrgId" time="0.000" errors="0" timestamp="15 Dec 2018 13:06:14 GMT" skipped="1">
  <testcase classname="org.testscript.admin.UploadSubOrgUsersWithOrgId" name="uploadSubOrgUsers" time="0.000">
    <skipped/>
  </testcase> <!-- uploadSubOrgUsers -->
</testsuite> <!-- org.testscript.admin.UploadSubOrgUsersWithOrgId -->
