<?xml version="1.0" encoding="UTF-8"?>
<!-- Generated by org.testng.reporters.JUnitReportReporter -->
<testsuite ignored="0" hostname="Qualitrix-LinuxPC" failures="0" tests="1" name="org.testscript.creator.CreateResourceWithMCQQuestionSet" time="301.469" errors="0" timestamp="02 Jan 2019 09:07:07 GMT" skipped="0">
  <testcase classname="org.testscript.creator.CreateResourceWithMCQQuestionSet" name="createQuestionMCQAndVerify" time="301.469"/>
</testsuite> <!-- org.testscript.creator.CreateResourceWithMCQQuestionSet -->
