<?xml version="1.0" encoding="UTF-8"?>
<!-- Generated by org.testng.reporters.JUnitReportReporter -->
<testsuite ignored="0" hostname="Qualitrix-LinuxPC" failures="0" tests="1" name="org.testscript.mentor.CheckCourseStatAsMentor" time="336.172" errors="0" timestamp="19 Feb 2019 08:41:45 GMT" skipped="0">
  <testcase classname="org.testscript.mentor.CheckCourseStatAsMentor" name="checkCourseStatAsMentor" time="336.172"/>
</testsuite> <!-- org.testscript.mentor.CheckCourseStatAsMentor -->
