<?xml version="1.0" encoding="UTF-8"?>
<!-- Generated by org.testng.reporters.JUnitReportReporter -->
<testsuite ignored="0" hostname="qualitrix-thinkpad-e480" failures="0" tests="1" name="org.testscript.creator.VerifyOwnershipTypeDdlValueContentWhenOpenedFromPublishedSection" time="310.985" errors="0" timestamp="19 Feb 2019 08:49:02 GMT" skipped="0">
  <testcase classname="org.testscript.creator.VerifyOwnershipTypeDdlValueContentWhenOpenedFromPublishedSection" name="verifyOwnershipTypeDdlValueContentWhenOpenedFromPublishedSection" time="310.985"/>
</testsuite> <!-- org.testscript.creator.VerifyOwnershipTypeDdlValueContentWhenOpenedFromPublishedSection -->
