<?xml version="1.0" encoding="UTF-8"?>
<!-- Generated by org.testng.reporters.JUnitReportReporter -->
<testsuite ignored="0" hostname="Qualitrix-LinuxPC" failures="0" tests="1" name="org.testscript.regressionP2.TC_303" time="0.000" errors="0" timestamp="15 Dec 2018 04:51:31 GMT" skipped="1">
  <testcase classname="org.testscript.regressionP2.TC_303" name="TC_303_rootOrg" time="0.000">
    <skipped/>
  </testcase> <!-- TC_303_rootOrg -->
</testsuite> <!-- org.testscript.regressionP2.TC_303 -->
