<?xml version="1.0" encoding="UTF-8"?>
<!-- Generated by org.testng.reporters.JUnitReportReporter -->
<testsuite ignored="0" hostname="qualitrix-thinkpad-e480" failures="0" tests="1" name="org.testscript.creator.VerifyOwnershipTypeValueForCreatorAndSameValueForReviewerAlso" time="186.768" errors="0" timestamp="25 Feb 2019 07:13:27 GMT" skipped="0">
  <testcase classname="org.testscript.creator.VerifyOwnershipTypeValueForCreatorAndSameValueForReviewerAlso" name="verifyOwnershipTypeValueForCreatorAndSameValueForReviewerAlso" time="186.768"/>
</testsuite> <!-- org.testscript.creator.VerifyOwnershipTypeValueForCreatorAndSameValueForReviewerAlso -->
