<?xml version="1.0" encoding="UTF-8"?>
<!-- Generated by org.testng.reporters.JUnitReportReporter -->
<testsuite ignored="0" hostname="Qualitrix-LinuxPC" failures="0" tests="3" name="org.testscript.announcementsender.VerifyAnnouncementPageContent" time="0.000" errors="0" timestamp="02 Jan 2019 05:53:41 GMT" skipped="3">
  <testcase classname="org.testscript.announcementsender.VerifyAnnouncementPageContent" name="verifyAnnouncementMessage" time="0.000">
    <skipped/>
  </testcase> <!-- verifyAnnouncementMessage -->
  <testcase classname="org.testscript.announcementsender.VerifyAnnouncementPageContent" name="VerifyAnnouncementCreationFields" time="0.000">
    <skipped/>
  </testcase> <!-- VerifyAnnouncementCreationFields -->
  <testcase classname="org.testscript.announcementsender.VerifyAnnouncementPageContent" name="VerifyAnnouncementDetails" time="0.000">
    <skipped/>
  </testcase> <!-- VerifyAnnouncementDetails -->
</testsuite> <!-- org.testscript.announcementsender.VerifyAnnouncementPageContent -->
