<?xml version="1.0" encoding="UTF-8"?>
<!-- Generated by org.testng.reporters.JUnitReportReporter -->
<testsuite name="org.Diksha.testscripts.Diksha_TC_09_10_11" tests="1" time="0.002" ignored="0" failures="0" timestamp="15 Sep 2018 05:55:48 GMT" skipped="1" hostname="princess-Lenovo-G560" errors="0">
  <testcase name="createBookAndVerifyDiksha_TC_09_10_11" time="0.002" classname="org.Diksha.testscripts.Diksha_TC_09_10_11">
    <skipped/>
  </testcase> <!-- createBookAndVerifyDiksha_TC_09_10_11 -->
</testsuite> <!-- org.Diksha.testscripts.Diksha_TC_09_10_11 -->
