<?xml version="1.0" encoding="UTF-8"?>
<!-- Generated by org.testng.reporters.JUnitReportReporter -->
<testsuite ignored="0" hostname="Qualitrix-LinuxPC" failures="0" tests="1" name="org.testscript.creator.VerifyTheClosingOfContentEditor" time="0.000" errors="0" timestamp="02 Jan 2019 05:53:41 GMT" skipped="1">
  <testcase classname="org.testscript.creator.VerifyTheClosingOfContentEditor" name="contentCreator_CloseEditor" time="0.000">
    <skipped/>
  </testcase> <!-- contentCreator_CloseEditor -->
</testsuite> <!-- org.testscript.creator.VerifyTheClosingOfContentEditor -->
