<?xml version="1.0" encoding="UTF-8"?>
<!-- Generated by org.testng.reporters.JUnitReportReporter -->
<testsuite ignored="0" hostname="qualitrix-thinkpad-e480" failures="0" tests="1" name="org.testscript.creator.VerifyCreatorAndReviewerHasSameOwnershipTypeValueForResource" time="192.878" errors="0" timestamp="25 Feb 2019 12:51:50 GMT" skipped="0">
  <testcase classname="org.testscript.creator.VerifyCreatorAndReviewerHasSameOwnershipTypeValueForResource" name="verifyCreatorAndReviewerHasSameOwnershipTypeValueForResource" time="192.878"/>
</testsuite> <!-- org.testscript.creator.VerifyCreatorAndReviewerHasSameOwnershipTypeValueForResource -->
