<?xml version="1.0" encoding="UTF-8"?>
<!-- Generated by org.testng.reporters.JUnitReportReporter -->
<testsuite ignored="0" hostname="Qualitrix-LinuxPC" failures="0" tests="1" name="org.testscript.regression.CreateResourceWithMCQQuestionSet" time="0.002" errors="0" timestamp="15 Dec 2018 04:51:31 GMT" skipped="1">
  <testcase classname="org.testscript.regression.CreateResourceWithMCQQuestionSet" name="createResourceWithMcqQuestion" time="0.002">
    <skipped/>
  </testcase> <!-- createResourceWithMcqQuestion -->
</testsuite> <!-- org.testscript.regression.CreateResourceWithMCQQuestionSet -->
