<?xml version="1.0" encoding="UTF-8"?>
<!-- Generated by org.testng.reporters.JUnitReportReporter -->
<testsuite ignored="0" hostname="Qualitrix-LinuxPC" failures="0" tests="1" name="org.testscript.SearchUsers" time="86.450" errors="0" timestamp="15 Dec 2018 06:22:07 GMT" skipped="0">
  <testcase classname="org.testscript.SearchUsers" name="searchUsers" time="86.450"/>
</testsuite> <!-- org.testscript.SearchUsers -->
