<?xml version="1.0" encoding="UTF-8"?>
<!-- Generated by org.testng.reporters.JUnitReportReporter -->
<testsuite name="org.testscript.newfeature.VerifyTermsAndConditions" tests="1" time="45.083" ignored="0" failures="0" timestamp="17 Jan 2019 12:12:28 GMT" skipped="0" hostname="qualitrix-Inspiron-3521" errors="0">
  <testcase name="verifyTermsAndConditionsPopup" time="45.083" classname="org.testscript.newfeature.VerifyTermsAndConditions"/>
</testsuite> <!-- org.testscript.newfeature.VerifyTermsAndConditions -->
