<?xml version="1.0" encoding="UTF-8"?>
<!-- Generated by org.testng.reporters.JUnitReportReporter -->
<testsuite ignored="0" hostname="Qualitrix-LinuxPC" failures="0" tests="1" name="org.testscript.regressionP2.VerifyMembersAutoInvitatedInInviteOnlyBatch" time="0.002" errors="0" timestamp="15 Dec 2018 04:51:31 GMT" skipped="1">
  <testcase classname="org.testscript.regressionP2.VerifyMembersAutoInvitatedInInviteOnlyBatch" name="verifyMembersAutoInvitatedInInviteOnlyBatch" time="0.002">
    <skipped/>
  </testcase> <!-- verifyMembersAutoInvitatedInInviteOnlyBatch -->
</testsuite> <!-- org.testscript.regressionP2.VerifyMembersAutoInvitatedInInviteOnlyBatch -->
