<?xml version="1.0" encoding="UTF-8"?>
<!-- Generated by org.testng.reporters.JUnitReportReporter -->
<testsuite ignored="0" hostname="Qualitrix-LinuxPC" failures="0" tests="1" name="org.testscript.sanity.CopyContentFromLibraryAndVerify" time="0.001" errors="0" timestamp="15 Dec 2018 04:51:31 GMT" skipped="1">
  <testcase classname="org.testscript.sanity.CopyContentFromLibraryAndVerify" name="verifyCopyContent_Library" time="0.001">
    <skipped/>
  </testcase> <!-- verifyCopyContent_Library -->
</testsuite> <!-- org.testscript.sanity.CopyContentFromLibraryAndVerify -->
