<?xml version="1.0" encoding="UTF-8"?>
<!-- Generated by org.testng.reporters.JUnitReportReporter -->
<testsuite ignored="0" hostname="qualitrix-thinkpad-e480" failures="0" tests="1" name="org.testscript.publicuser.SearchCourseUsingFilter" time="92.976" errors="0" timestamp="19 Feb 2019 09:46:30 GMT" skipped="0">
  <testcase classname="org.testscript.publicuser.SearchCourseUsingFilter" name="searchCourseUsingFilter" time="92.976"/>
</testsuite> <!-- org.testscript.publicuser.SearchCourseUsingFilter -->
