<?xml version="1.0" encoding="UTF-8"?>
<!-- Generated by org.testng.reporters.JUnitReportReporter -->
<testsuite ignored="0" hostname="Qualitrix-LinuxPC" failures="0" tests="1" name="org.testscript.FlagTheContentAsPublicUser" time="0.001" errors="0" timestamp="11 Dec 2018 18:46:56 GMT" skipped="1">
  <testcase classname="org.testscript.FlagTheContentAsPublicUser" name="flagTheContentAsPublicUser" time="0.001">
    <skipped/>
  </testcase> <!-- flagTheContentAsPublicUser -->
</testsuite> <!-- org.testscript.FlagTheContentAsPublicUser -->
