<?xml version="1.0" encoding="UTF-8"?>
<!-- Generated by org.testng.reporters.JUnitReportReporter -->
<testsuite ignored="0" hostname="Qualitrix-LinuxPC" failures="0" tests="1" name="org.testscript.smoke.EditResourceAndVerify" time="0.001" errors="0" timestamp="04 Jan 2019 05:17:34 GMT" skipped="1">
  <testcase classname="org.testscript.smoke.EditResourceAndVerify" name="editResourceAndVerify" time="0.001">
    <skipped/>
  </testcase> <!-- editResourceAndVerify -->
</testsuite> <!-- org.testscript.smoke.EditResourceAndVerify -->
