<?xml version="1.0" encoding="UTF-8"?>
<!-- Generated by org.testng.reporters.JUnitReportReporter -->
<testsuite ignored="0" hostname="Qualitrix-LinuxPC" failures="0" tests="1" name="org.testscripts.CreatorCourseAndVerify" time="57.872" errors="0" timestamp="11 Dec 2018 02:48:16 GMT" skipped="0">
  <testcase classname="org.testscripts.CreatorCourseAndVerify" name="creatorCourseAndVerify" time="57.872"/>
</testsuite> <!-- org.testscripts.CreatorCourseAndVerify -->
