<?xml version="1.0" encoding="UTF-8"?>
<!-- Generated by org.testng.reporters.JUnitReportReporter -->
<testsuite ignored="0" hostname="Qualitrix-LinuxPC" failures="0" tests="1" name="org.testscript.creator.UnlinkDailcode" time="0.002" errors="0" timestamp="02 Jan 2019 05:53:41 GMT" skipped="1">
  <testcase classname="org.testscript.creator.UnlinkDailcode" name="unlinkDailcode" time="0.002">
    <skipped/>
  </testcase> <!-- unlinkDailcode -->
</testsuite> <!-- org.testscript.creator.UnlinkDailcode -->
