<?xml version="1.0" encoding="UTF-8"?>
<!-- Generated by org.testng.reporters.JUnitReportReporter -->
<testsuite ignored="0" hostname="qualitrix-thinkpad-e480" failures="0" tests="1" name="org.testscript.publicuser.SearchInLibraryUsingFilter" time="57.952" errors="0" timestamp="19 Feb 2019 09:36:20 GMT" skipped="0">
  <testcase classname="org.testscript.publicuser.SearchInLibraryUsingFilter" name="searchInLibraryUsingFilter" time="57.952"/>
</testsuite> <!-- org.testscript.publicuser.SearchInLibraryUsingFilter -->
