<?xml version="1.0" encoding="UTF-8"?>
<!-- Generated by org.testng.reporters.JUnitReportReporter -->
<testsuite ignored="0" hostname="Qualitrix-LinuxPC" failures="0" tests="1" name="org.testscript.sanity.CreateBookAndVerifyOnlyBooksPresent" time="0.002" errors="0" timestamp="04 Jan 2019 10:37:10 GMT" skipped="1">
  <testcase classname="org.testscript.sanity.CreateBookAndVerifyOnlyBooksPresent" name="createBookAndVerifyOnlyBooksPresent" time="0.002">
    <skipped/>
  </testcase> <!-- createBookAndVerifyOnlyBooksPresent -->
</testsuite> <!-- org.testscript.sanity.CreateBookAndVerifyOnlyBooksPresent -->
