<?xml version="1.0" encoding="UTF-8"?>
<!-- Generated by org.testng.reporters.JUnitReportReporter -->
<testsuite ignored="0" hostname="Qualitrix-LinuxPC" failures="0" tests="1" name="org.testscript.regressionP2.EditAndResendAnnouncement" time="0.000" errors="0" timestamp="12 Dec 2018 09:59:18 GMT" skipped="1">
  <testcase classname="org.testscript.regressionP2.EditAndResendAnnouncement" name="TC_341_announcement_feature" time="0.000">
    <skipped/>
  </testcase> <!-- TC_341_announcement_feature -->
</testsuite> <!-- org.testscript.regressionP2.EditAndResendAnnouncement -->
