<?xml version="1.0" encoding="UTF-8"?>
<!-- Generated by org.testng.reporters.JUnitReportReporter -->
<testsuite ignored="0" hostname="Qualitrix-LinuxPC" failures="0" tests="1" name="org.testscript.smoke.CreateQuestionMTFAndVerify" time="0.004" errors="0" timestamp="07 Jan 2019 11:06:29 GMT" skipped="1">
  <testcase classname="org.testscript.smoke.CreateQuestionMTFAndVerify" name="createQuestionMTFAndVerify" time="0.004">
    <skipped/>
  </testcase> <!-- createQuestionMTFAndVerify -->
</testsuite> <!-- org.testscript.smoke.CreateQuestionMTFAndVerify -->
