<?xml version="1.0" encoding="UTF-8"?>
<!-- Generated by org.testng.reporters.JUnitReportReporter -->
<testsuite ignored="0" hostname="Qualitrix-LinuxPC" failures="0" tests="1" name="org.testscripts.UploadContentEPUB" time="57.880" errors="0" timestamp="11 Dec 2018 02:57:26 GMT" skipped="0">
  <testcase classname="org.testscripts.UploadContentEPUB" name="uploadContentEPUB" time="57.880"/>
</testsuite> <!-- org.testscripts.UploadContentEPUB -->
