<?xml version="1.0" encoding="UTF-8"?>
<!-- Generated by org.testng.reporters.JUnitReportReporter -->
<testsuite ignored="0" hostname="Qualitrix-LinuxPC" failures="0" tests="1" name="org.testscript.creator.ContentCreation" time="188.866" errors="0" timestamp="14 Feb 2019 12:16:12 GMT" skipped="0">
  <testcase classname="org.testscript.creator.ContentCreation" name="contentCreation" time="188.866"/>
</testsuite> <!-- org.testscript.creator.ContentCreation -->
