<?xml version="1.0" encoding="UTF-8"?>
<!-- Generated by org.testng.reporters.JUnitReportReporter -->
<testsuite ignored="0" hostname="Qualitrix-LinuxPC" failures="0" tests="1" name="org.testscript.SubOrgUsersProviderAndExtId" time="0.000" errors="0" timestamp="11 Dec 2018 18:46:56 GMT" skipped="1">
  <testcase classname="org.testscript.SubOrgUsersProviderAndExtId" name="subOrgUsersProviderAndExtId" time="0.000">
    <skipped/>
  </testcase> <!-- subOrgUsersProviderAndExtId -->
</testsuite> <!-- org.testscript.SubOrgUsersProviderAndExtId -->
