<?xml version="1.0" encoding="UTF-8"?>
<!-- Generated by org.testng.reporters.JUnitReportReporter -->
<testsuite name="org.Diksha.testscripts.Diksha_TC_01_TC_02" tests="1" time="239.305" ignored="0" failures="0" timestamp="23 Sep 2018 17:03:02 GMT" skipped="0" hostname="princess-Lenovo-G560" errors="0">
  <testcase name="creatorResourceAndVerifyDiksha_TC_01_TC_02" time="239.305" classname="org.Diksha.testscripts.Diksha_TC_01_TC_02"/>
</testsuite> <!-- org.Diksha.testscripts.Diksha_TC_01_TC_02 -->
