<?xml version="1.0" encoding="UTF-8"?>
<!-- Generated by org.testng.reporters.JUnitReportReporter -->
<testsuite ignored="0" hostname="Qualitrix-LinuxPC" failures="0" tests="1" name="org.testscripts.CreateCollectionAndVerify" time="0.000" errors="0" timestamp="10 Dec 2018 17:27:26 GMT" skipped="1">
  <testcase classname="org.testscripts.CreateCollectionAndVerify" name="createCollectionAndVerify" time="0.000">
    <skipped/>
  </testcase> <!-- createCollectionAndVerify -->
</testsuite> <!-- org.testscripts.CreateCollectionAndVerify -->
