<?xml version="1.0" encoding="UTF-8"?>
<!-- Generated by org.testng.reporters.JUnitReportReporter -->
<testsuite ignored="0" hostname="Qualitrix-LinuxPC" failures="0" tests="1" name="org.testscript.creator.VerifyLimitedSharing" time="101.383" errors="0" timestamp="02 Jan 2019 09:34:55 GMT" skipped="0">
  <testcase classname="org.testscript.creator.VerifyLimitedSharing" name="verifyLimitedSharing" time="101.383"/>
</testsuite> <!-- org.testscript.creator.VerifyLimitedSharing -->
