<?xml version="1.0" encoding="UTF-8"?>
<!-- Generated by org.testng.reporters.JUnitReportReporter -->
<testsuite ignored="0" hostname="Qualitrix-LinuxPC" failures="0" tests="1" name="org.testscript.admin.SearchOrgsAsAdmin" time="0.000" errors="0" timestamp="18 Dec 2018 06:43:21 GMT" skipped="1">
  <testcase classname="org.testscript.admin.SearchOrgsAsAdmin" name="searchOrgsAsAdmin" time="0.000">
    <skipped/>
  </testcase> <!-- searchOrgsAsAdmin -->
</testsuite> <!-- org.testscript.admin.SearchOrgsAsAdmin -->
