<?xml version="1.0" encoding="UTF-8"?>
<!-- Generated by org.testng.reporters.JUnitReportReporter -->
<testsuite ignored="0" hostname="Qualitrix-LinuxPC" failures="0" tests="1" name="org.testscript.creator.VerifyTheUploadedContent" time="0.001" errors="0" timestamp="02 Jan 2019 05:53:41 GMT" skipped="1">
  <testcase classname="org.testscript.creator.VerifyTheUploadedContent" name="verifyTheUploadedContent" time="0.001">
    <skipped/>
  </testcase> <!-- verifyTheUploadedContent -->
</testsuite> <!-- org.testscript.creator.VerifyTheUploadedContent -->
