<?xml version="1.0" encoding="UTF-8"?>
<!-- Generated by org.testng.reporters.JUnitReportReporter -->
<testsuite ignored="0" hostname="qualitrix-thinkpad-e480" failures="0" tests="1" name="org.testscript.creator.VerifyOwnershipTypeDdlValueWhenContentOpenedFromDrafts" time="225.159" errors="0" timestamp="15 Feb 2019 11:55:45 GMT" skipped="0">
  <testcase classname="org.testscript.creator.VerifyOwnershipTypeDdlValueWhenContentOpenedFromDrafts" name="verifyOwnershipTypeDropdownContentWhenOpenedFromDrafts" time="225.159"/>
</testsuite> <!-- org.testscript.creator.VerifyOwnershipTypeDdlValueWhenContentOpenedFromDrafts -->
