<?xml version="1.0" encoding="UTF-8"?>
<!-- Generated by org.testng.reporters.JUnitReportReporter -->
<testsuite name="org.testscript.creator.CreatorQuestionAndVerify" tests="1" time="245.437" ignored="0" failures="0" timestamp="16 Jan 2019 10:32:45 GMT" skipped="0" hostname="qualitrix-Inspiron-3521" errors="0">
  <testcase name="creatorQuestionAndVerify" time="245.437" classname="org.testscript.creator.CreatorQuestionAndVerify"/>
</testsuite> <!-- org.testscript.creator.CreatorQuestionAndVerify -->
