<?xml version="1.0" encoding="UTF-8"?>
<!-- Generated by org.testng.reporters.JUnitReportReporter -->
<testsuite ignored="0" hostname="Qualitrix-LinuxPC" failures="0" tests="1" name="org.testscript.smoke.UploadContentYOUTUBE" time="0.001" errors="0" timestamp="07 Jan 2019 11:06:30 GMT" skipped="1">
  <testcase classname="org.testscript.smoke.UploadContentYOUTUBE" name="uploadContentYOUTUBE" time="0.001">
    <skipped/>
  </testcase> <!-- uploadContentYOUTUBE -->
</testsuite> <!-- org.testscript.smoke.UploadContentYOUTUBE -->
