<?xml version="1.0" encoding="UTF-8"?>
<!-- Generated by org.testng.reporters.JUnitReportReporter -->
<testsuite ignored="0" hostname="Qualitrix-LinuxPC" failures="0" tests="1" name="org.testscript.admin.SearchAndDownloadOrgFile" time="0.001" errors="0" timestamp="18 Dec 2018 06:43:21 GMT" skipped="1">
  <testcase classname="org.testscript.admin.SearchAndDownloadOrgFile" name="searchAndDownloadOrgFile" time="0.001">
    <skipped/>
  </testcase> <!-- searchAndDownloadOrgFile -->
</testsuite> <!-- org.testscript.admin.SearchAndDownloadOrgFile -->
