<?xml version="1.0" encoding="UTF-8"?>
<!-- Generated by org.testng.reporters.JUnitReportReporter -->
<testsuite ignored="0" hostname="Qualitrix-LinuxPC" failures="0" tests="1" name="org.testscript.creator.CheckInReviewSubmission" time="0.004" errors="0" timestamp="02 Jan 2019 05:53:41 GMT" skipped="1">
  <testcase classname="org.testscript.creator.CheckInReviewSubmission" name="checkInReviewSubmission" time="0.004">
    <skipped/>
  </testcase> <!-- checkInReviewSubmission -->
</testsuite> <!-- org.testscript.creator.CheckInReviewSubmission -->
