<?xml version="1.0" encoding="UTF-8"?>
<!-- Generated by org.testng.reporters.JUnitReportReporter -->
<testsuite ignored="0" hostname="qualitrix-thinkpad-e480" failures="0" tests="1" name="org.testscript.publicuser.SearchUsers" time="85.574" errors="0" timestamp="19 Feb 2019 10:14:43 GMT" skipped="0">
  <testcase classname="org.testscript.publicuser.SearchUsers" name="searchUsers" time="85.574"/>
</testsuite> <!-- org.testscript.publicuser.SearchUsers -->
