<?xml version="1.0" encoding="UTF-8"?>
<!-- Generated by org.testng.reporters.JUnitReportReporter -->
<testsuite ignored="0" hostname="qualitrix-thinkpad-e480" failures="0" tests="1" name="org.testscript.creator.CollectionCreation" time="231.458" errors="0" timestamp="26 Feb 2019 06:45:26 GMT" skipped="0">
  <testcase classname="org.testscript.creator.CollectionCreation" name="collectionCreation" time="231.458"/>
</testsuite> <!-- org.testscript.creator.CollectionCreation -->
