<?xml version="1.0" encoding="UTF-8"?>
<!-- Generated by org.testng.reporters.JUnitReportReporter -->
<testsuite ignored="193" hostname="qualitrix-thinkpad-e480" failures="1" tests="1" name="org.testscript.creator.UploadContentTypeH5pAndVerify" time="494.275" errors="0" timestamp="26 Feb 2019 10:18:17 GMT" skipped="0">
  <testcase classname="org.testscript.creator.UploadContentTypeH5pAndVerify" name="uploadH5pContentAndVerify" time="494.275">
    <failure message="Failed to search and publish" type="java.lang.AssertionError">
      <![CDATA[java.lang.AssertionError: Failed to search and publish
	at org.testng.Assert.fail(Assert.java:94)
	at org.pageobjects.CreatorUserPageObj.goToWorkspace(CreatorUserPageObj.java:2969)
	at org.testscript.creator.UploadContentTypeH5pAndVerify.uploadH5pContentAndVerify(UploadContentTypeH5pAndVerify.java:48)
	at java.base/jdk.internal.reflect.NativeMethodAccessorImpl.invoke0(Native Method)
	at java.base/jdk.internal.reflect.NativeMethodAccessorImpl.invoke(NativeMethodAccessorImpl.java:62)
	at java.base/jdk.internal.reflect.DelegatingMethodAccessorImpl.invoke(DelegatingMethodAccessorImpl.java:43)
	at java.base/java.lang.reflect.Method.invoke(Method.java:564)
	at org.testng.internal.MethodInvocationHelper.invokeMethod(MethodInvocationHelper.java:104)
	at org.testng.internal.Invoker.invokeMethod(Invoker.java:645)
	at org.testng.internal.Invoker.invokeTestMethod(Invoker.java:851)
	at org.testng.internal.Invoker.invokeTestMethods(Invoker.java:1177)
	at org.testng.internal.TestMethodWorker.invokeTestMethods(TestMethodWorker.java:129)
	at org.testng.internal.TestMethodWorker.run(TestMethodWorker.java:112)
	at org.testng.TestRunner.privateRun(TestRunner.java:756)
	at org.testng.TestRunner.run(TestRunner.java:610)
	at org.testng.SuiteRunner.runTest(SuiteRunner.java:387)
	at org.testng.SuiteRunner.runSequentially(SuiteRunner.java:382)
	at org.testng.SuiteRunner.privateRun(SuiteRunner.java:340)
	at org.testng.SuiteRunner.run(SuiteRunner.java:289)
	at org.testng.SuiteRunnerWorker.runSuite(SuiteRunnerWorker.java:52)
	at org.testng.SuiteRunnerWorker.run(SuiteRunnerWorker.java:86)
	at org.testng.TestNG.runSuitesSequentially(TestNG.java:1293)
	at org.testng.TestNG.runSuitesLocally(TestNG.java:1218)
	at org.testng.TestNG.runSuites(TestNG.java:1133)
	at org.testng.TestNG.run(TestNG.java:1104)
	at org.testng.remote.AbstractRemoteTestNG.run(AbstractRemoteTestNG.java:114)
	at org.testng.remote.RemoteTestNG.initAndRun(RemoteTestNG.java:251)
	at org.testng.remote.RemoteTestNG.main(RemoteTestNG.java:77)
]]>
    </failure>
  </testcase> <!-- uploadH5pContentAndVerify -->
  <testcase classname="org.testscript.creator.VerifyThatTopicsAreSelectedOnMetaDataPage" name="verifyThatTopicsAreSelectedOnMetaDataPage">
    <skipped/>
  </testcase> <!-- verifyThatTopicsAreSelectedOnMetaDataPage -->
  <testcase classname="org.testscript.admin.AdminCreationAndDownloadCsv" name="adminCreationAndDownloadCsv">
    <skipped/>
  </testcase> <!-- adminCreationAndDownloadCsv -->
  <testcase classname="org.testscript.creator.CreateBookAndVerifyOnlyBooksPresent" name="createBookAndVerifyOnlyBooksPresent">
    <skipped/>
  </testcase> <!-- createBookAndVerifyOnlyBooksPresent -->
  <testcase classname="org.testscript.creator.AddChildNodesToLessonPlan" name="addChildNodesToLessonPlan">
    <skipped/>
  </testcase> <!-- addChildNodesToLessonPlan -->
  <testcase classname="org.testscript.skippedfunctionality.AcceptAsflagReviewer" name="acceptAsflagReviewer">
    <skipped/>
  </testcase> <!-- acceptAsflagReviewer -->
  <testcase classname="org.testscript.creator.CreateResourceWithContentsPluginsAndVerifyContentEditor" name="createResourceWithContentsPlugins_VerifyContentEditor">
    <skipped/>
  </testcase> <!-- createResourceWithContentsPlugins_VerifyContentEditor -->
  <testcase classname="org.testscript.creator.LimitedSharingTheContent" name="limitedSharingTheContent">
    <skipped/>
  </testcase> <!-- limitedSharingTheContent -->
  <testcase classname="org.testscript.creator.VerifyTheClosingOfContentEditor" name="contentCreator_CloseEditor">
    <skipped/>
  </testcase> <!-- contentCreator_CloseEditor -->
  <testcase classname="org.testscript.publicuser.VerifyNavigateToGetPage" name="verify_NavigateToGetPage">
    <skipped/>
  </testcase> <!-- verify_NavigateToGetPage -->
  <testcase classname="org.testscript.creator.CreateResourceByAddingAudio" name="resource_VerifyAudioUpload">
    <skipped/>
  </testcase> <!-- resource_VerifyAudioUpload -->
  <testcase classname="org.testscript.skippedfunctionality.UploadSubOrgUsersWithOrgId" name="uploadSubOrgUsers">
    <skipped/>
  </testcase> <!-- uploadSubOrgUsers -->
  <testcase classname="org.testscript.creator.EditResourceAndVerify" name="editResourceAndVerify">
    <skipped/>
  </testcase> <!-- editResourceAndVerify -->
  <testcase classname="org.testscript.creator.VerifyThatTopicsAreDisplayedOnMetaDataForm" name="verifyThatTopicsAreDisplayedOnMetaDataForm">
    <skipped/>
  </testcase> <!-- verifyThatTopicsAreDisplayedOnMetaDataForm -->
  <testcase classname="org.testscript.creator.CreateQuestionFITBAndVerify" name="createQuestionFITBAndVerify">
    <skipped/>
  </testcase> <!-- createQuestionFITBAndVerify -->
  <testcase classname="org.testscript.regression_removed.TC_303" name="TC_303_rootOrg">
    <skipped/>
  </testcase> <!-- TC_303_rootOrg -->
  <testcase classname="org.testscript.creator.VerifyPublishedBucket" name="verifyPublishedBucket">
    <skipped/>
  </testcase> <!-- verifyPublishedBucket -->
  <testcase classname="org.testscript.skippedfunctionality.CheckForDownloadButtonAvailabilityForUserInProfile" name="checkForDownloadButtonAvailabilityForUserInProfile">
    <skipped/>
  </testcase> <!-- checkForDownloadButtonAvailabilityForUserInProfile -->
  <testcase classname="org.testscript.mentor.MentorCreateCourseAndCreateOpenBatchForIt" name="mentorCreateCourseAndCreateOpenBatchForIt">
    <skipped/>
  </testcase> <!-- mentorCreateCourseAndCreateOpenBatchForIt -->
  <testcase classname="org.testscript.skippedfunctionality.UploadSubOrgUsersWithProviderAndExtId" name="subOrgUsersProviderAndExtId">
    <skipped/>
  </testcase> <!-- subOrgUsersProviderAndExtId -->
  <testcase classname="org.testscript.creator.VerifyPublishedContentInPublishedBucket" name="verifyPublishedContentInPublishedBucket">
    <skipped/>
  </testcase> <!-- verifyPublishedContentInPublishedBucket -->
  <testcase classname="org.testscript.creator.DeletePublishedBookFromAllMyContent" name="deletePublishedBookFromAllMyContent">
    <skipped/>
  </testcase> <!-- deletePublishedBookFromAllMyContent -->
  <testcase classname="org.testscript.creator.VerifyFeaturesOfProfileIconAndWorkspace" name="verifyProfileIcon4Features_workspaceFeatures">
    <skipped/>
  </testcase> <!-- verifyProfileIcon4Features_workspaceFeatures -->
  <testcase classname="org.testscript.publicuser.NavigateToGetStartedAndExploreDiksha" name="verify_NavigateToGetStarted_ExploreDikshaPage">
    <skipped/>
  </testcase> <!-- verify_NavigateToGetStarted_ExploreDikshaPage -->
  <testcase classname="org.testscript.creator.CheckInReviewSubmission" name="checkInReviewSubmission">
    <skipped/>
  </testcase> <!-- checkInReviewSubmission -->
  <testcase classname="org.testscript.mentor.CheckForAuthenticUserInMentor" name="checkForAuthenticUserInMentor">
    <skipped/>
  </testcase> <!-- checkForAuthenticUserInMentor -->
  <testcase classname="org.testscript.skippedfunctionality.DiscardAsFlagReviewer" name="discardAsFlagReviewer">
    <skipped/>
  </testcase> <!-- discardAsFlagReviewer -->
  <testcase classname="org.testscript.creator.VerifyOwnershipTypeDdlValueContentWhenOpenedFromPublishedSection" name="verifyOwnershipTypeDdlValueContentWhenOpenedFromPublishedSection">
    <skipped/>
  </testcase> <!-- verifyOwnershipTypeDdlValueContentWhenOpenedFromPublishedSection -->
  <testcase classname="org.testscript.announcementsender.VerifyFilledDataWhileCreatingAnnouncement" name="verifyFilledDataWhileCreatingAnnouncement">
    <skipped/>
  </testcase> <!-- verifyFilledDataWhileCreatingAnnouncement -->
  <testcase classname="org.testscript.creator.BookCreateOptionValidation" name="bookCreateOptionValidation">
    <skipped/>
  </testcase> <!-- bookCreateOptionValidation -->
  <testcase classname="org.testscript.creator.DeletePublishedUploadContentFromAllMyContent" name="deletePublishedUploadContentFromAllMyContent">
    <skipped/>
  </testcase> <!-- deletePublishedUploadContentFromAllMyContent -->
  <testcase classname="org.testscript.publicuser.SameUserNameIsNotAllowedWhileSignup" name="verify_SignUpFailure">
    <skipped/>
  </testcase> <!-- verify_SignUpFailure -->
  <testcase classname="org.testscript.skippedfunctionality.SearchAndDownloadOrgFile" name="searchAndDownloadOrgFile">
    <skipped/>
  </testcase> <!-- searchAndDownloadOrgFile -->
  <testcase classname="org.testscript.creator.CreateResourceAndVerify" name="createResourceAndVerify">
    <skipped/>
  </testcase> <!-- createResourceAndVerify -->
  <testcase classname="org.testscript.mentor.EnrollToCourseInOpenBatch" name="enrollToCourseInOpenBatch">
    <skipped/>
  </testcase> <!-- enrollToCourseInOpenBatch -->
  <testcase classname="org.testscript.reviewer.VerifySortByInUpForReview" name="verifySortByInUpForReview">
    <skipped/>
  </testcase> <!-- verifySortByInUpForReview -->
  <testcase classname="org.testscript.creator.DeletePublishedLessonPlanFromAllMyContent" name="deletePublishedLessonPlanFromAllMyContent">
    <skipped/>
  </testcase> <!-- deletePublishedLessonPlanFromAllMyContent -->
  <testcase classname="org.testscript.mentor.CreateIOBatchAndSearchTheCourseAsInvitedMember" name="createIOBatchAndSearchTheCourseAsInvitedMember">
    <skipped/>
  </testcase> <!-- createIOBatchAndSearchTheCourseAsInvitedMember -->
  <testcase classname="org.testscript.creator.CreateBookAndVerify" name="createBookAndVerify">
    <skipped/>
  </testcase> <!-- createBookAndVerify -->
  <testcase classname="org.testscript.reviewer.VerifyAppliedFilter" name="verifyAppliedFilter">
    <skipped/>
  </testcase> <!-- verifyAppliedFilter -->
  <testcase classname="org.testscript.creator.VerifyAvailabilityOfLibraryAndCourseAsAnonymousUser" name="verifyAvailabilityOfLibraryAndCourseAsAnonymousUser">
    <skipped/>
  </testcase> <!-- verifyAvailabilityOfLibraryAndCourseAsAnonymousUser -->
  <testcase classname="org.testscript.creator.VerifyContentInUpForReview" name="verifyContentInUpForReview">
    <skipped/>
  </testcase> <!-- verifyContentInUpForReview -->
  <testcase classname="org.testscript.skippedfunctionality.VerifyHomePage" name="verifyHomePage">
    <skipped/>
  </testcase> <!-- verifyHomePage -->
  <testcase classname="org.testscript.creator.SendForReviewContentUnderReviewSubmission" name="sendForReviewContentUnderReviewSubmission">
    <skipped/>
  </testcase> <!-- sendForReviewContentUnderReviewSubmission -->
  <testcase classname="org.testscript.creator.VerifyUserNaviagationToContentEditor" name="verifyUserNavigateToContentEditorPage">
    <skipped/>
  </testcase> <!-- verifyUserNavigateToContentEditorPage -->
  <testcase classname="org.testscript.creator.VerifyLimitedSharing" name="verifyLimitedSharing">
    <skipped/>
  </testcase> <!-- verifyLimitedSharing -->
  <testcase classname="org.testscript.creator.VerifycopyContent" name="verifycopyContent">
    <skipped/>
  </testcase> <!-- verifycopyContent -->
  <testcase classname="org.testscript.creator.SavedContentUnderAllUploads" name="savedContentUnderAllUploads">
    <skipped/>
  </testcase> <!-- savedContentUnderAllUploads -->
  <testcase classname="org.testscript.reviewer.VerifyReviewerRequestChangesTheBook" name="verifyReviewerRequestChangesTheBook">
    <skipped/>
  </testcase> <!-- verifyReviewerRequestChangesTheBook -->
  <testcase classname="org.testscript.publicuser.LoginAndChangePassword" name="loginAndChangePassword">
    <skipped/>
  </testcase> <!-- loginAndChangePassword -->
  <testcase classname="org.testscript.announcementsender.VerifyCreateAnnouncementPopupAndFeatures" name="verifyCreateAnnouncementPopupAndFeatures">
    <skipped/>
  </testcase> <!-- verifyCreateAnnouncementPopupAndFeatures -->
  <testcase classname="org.testscript.creator.DeleteTheCreatedContent" name="deleteTheCreatedContent">
    <skipped/>
  </testcase> <!-- deleteTheCreatedContent -->
  <testcase classname="org.testscript.announcementsender.OpenAnnouncement" name="openAnnouncement">
    <skipped/>
  </testcase> <!-- openAnnouncement -->
  <testcase classname="org.testscript.creator.VerifySaveAndSendLessonPlanForReview" name="verifySaveAndSendLessonPlanForReview">
    <skipped/>
  </testcase> <!-- verifySaveAndSendLessonPlanForReview -->
  <testcase classname="org.testscript.creator.VerifyCreatorAndReviewerHasSameOwnershipTypeValueForCourse" name="verifyCreatorAndReviewerHasSameOwnershipTypeValueForCourse">
    <skipped/>
  </testcase> <!-- verifyCreatorAndReviewerHasSameOwnershipTypeValueForCourse -->
  <testcase classname="org.testscript.creator.DeletePublishedCollectionFromAllMyContent" name="deletePublishedCollectionFromAllMyContent">
    <skipped/>
  </testcase> <!-- deletePublishedCollectionFromAllMyContent -->
  <testcase classname="org.testscript.mentor.NavigateToMyActivityInDropdown" name="navigateToMyActivityInDropdown">
    <skipped/>
  </testcase> <!-- navigateToMyActivityInDropdown -->
  <testcase classname="org.testscript.skippedfunctionality.AdminConsumptionAndDownloadCsv" name="adminConsumptionAndDownloadCsv">
    <skipped/>
  </testcase> <!-- adminConsumptionAndDownloadCsv -->
  <testcase classname="org.testscript.announcementsender.CreateAnnouncementWithAttachment" name="createAnnouncementWithAttachment">
    <skipped/>
  </testcase> <!-- createAnnouncementWithAttachment -->
  <testcase classname="org.testscript.creator.LimitedSharedContentInLimitedSharingSection" name="workspace_LimitedPublishing">
    <skipped/>
  </testcase> <!-- workspace_LimitedPublishing -->
  <testcase classname="org.testscript.skippedfunctionality.UpdateProfilePhoto" name="updateProfilePhoto">
    <skipped/>
  </testcase> <!-- updateProfilePhoto -->
  <testcase classname="org.testscript.creator.VerifyTheSorting" name="verifyTheSorting">
    <skipped/>
  </testcase> <!-- verifyTheSorting -->
  <testcase classname="org.testscript.reviewer.ReviewAndPublishReceivedContent" name="reviewAndPublishReceivedContent">
    <skipped/>
  </testcase> <!-- reviewAndPublishReceivedContent -->
  <testcase classname="org.testscript.creator.SeeTheContentBasedOnAppliedFilter" name="seeTheContentBasedOnAppliedFilter">
    <skipped/>
  </testcase> <!-- seeTheContentBasedOnAppliedFilter -->
  <testcase classname="org.testscript.creator.CreatorQuestionAndVerify" name="creatorQuestionAndVerify">
    <skipped/>
  </testcase> <!-- creatorQuestionAndVerify -->
  <testcase classname="org.testscript.regression_removed.TC_338" name="TC_338_announcement_feature">
    <skipped/>
  </testcase> <!-- TC_338_announcement_feature -->
  <testcase classname="org.testscript.mentor.OpenBatchCreation" name="openBatchCreation">
    <skipped/>
  </testcase> <!-- openBatchCreation -->
  <testcase classname="org.testscript.creator.CreateResourceWithMCQQuestionSet" name="createResourceWithMcqQuestion">
    <skipped/>
  </testcase> <!-- createResourceWithMcqQuestion -->
  <testcase classname="org.testscript.creator.CreateCollectionAndVerify" name="createCollectionAndVerify">
    <skipped/>
  </testcase> <!-- createCollectionAndVerify -->
  <testcase classname="org.testscript.skippedfunctionality.UploadRootOrgUsersWithOrgId" name="uploadRootOrgUsers">
    <skipped/>
  </testcase> <!-- uploadRootOrgUsers -->
  <testcase classname="org.testscript.creator.DialCodeLink" name="dialCodeLink">
    <skipped/>
  </testcase> <!-- dialCodeLink -->
  <testcase classname="org.testscript.skippedfunctionality.CheckUpForReviewAsFlagReviewer" name="checkUpForReviewAsFlagReviewer">
    <skipped/>
  </testcase> <!-- checkUpForReviewAsFlagReviewer -->
  <testcase classname="org.testscript.announcementsender.ResendAnnouncementAndVerifyAsReciever" name="resendAnnouncementAndVerifyAsReciever">
    <skipped/>
  </testcase> <!-- resendAnnouncementAndVerifyAsReciever -->
  <testcase classname="org.testscript.regression_removed.TC_306" name="TC_306_rootOrg">
    <skipped/>
  </testcase> <!-- TC_306_rootOrg -->
  <testcase classname="org.testscript.creator.CollectionCreation" name="collectionCreation">
    <skipped/>
  </testcase> <!-- collectionCreation -->
  <testcase classname="org.testscript.creator.LimitedSharingAndDeletingLessonPlan" name="limitedSharingAndDeletingLessonPlan">
    <skipped/>
  </testcase> <!-- limitedSharingAndDeletingLessonPlan -->
  <testcase classname="org.testscript.skippedfunctionality.CheckTheflaggedContentINDraft" name="checkTheflaggedContentINDraft">
    <skipped/>
  </testcase> <!-- checkTheflaggedContentINDraft -->
  <testcase classname="org.testscript.creator.CreateLessonPlanWith3Resources" name="createLessonPlanWith3Resources">
    <skipped/>
  </testcase> <!-- createLessonPlanWith3Resources -->
  <testcase classname="org.testscript.publicuser.AccessOnAllPagesAfterLogin" name="verify_PageAccessOnLogin">
    <skipped/>
  </testcase> <!-- verify_PageAccessOnLogin -->
  <testcase classname="org.testscript.mentor.CheckAvailabilityOfCourseForInvitedMember" name="checkAvailabilityOfCourseForInvitedMember">
    <skipped/>
  </testcase> <!-- checkAvailabilityOfCourseForInvitedMember -->
  <testcase classname="org.testscript.creator.CreateCourseAndVerify" name="createCourseAndVerify">
    <skipped/>
  </testcase> <!-- createCourseAndVerify -->
  <testcase classname="org.testscript.creator.VerifyOwnershipTypeCreatedByInBook" name="verifyOwnershipTypeCreatedByInBook">
    <skipped/>
  </testcase> <!-- verifyOwnershipTypeCreatedByInBook -->
  <testcase classname="org.testscript.creator.ResourceCreation" name="resourceCreation">
    <skipped/>
  </testcase> <!-- resourceCreation -->
  <testcase classname="org.testscript.announcementsender.ResendAnnouncement" name="resendAnnouncement">
    <skipped/>
  </testcase> <!-- resendAnnouncement -->
  <testcase classname="org.testscript.creator.CreateLessonAndVerify" name="createLessonAndVerify">
    <skipped/>
  </testcase> <!-- createLessonAndVerify -->
  <testcase classname="org.testscript.creator.VerifyOwnershipTypeDdlValueContentWhenOpenedFromAllMyContentSection" name="verifyOwnershipTypeDdlValueContentWhenOpenedFromAllMyContentSection">
    <skipped/>
  </testcase> <!-- verifyOwnershipTypeDdlValueContentWhenOpenedFromAllMyContentSection -->
  <testcase classname="org.testscript.creator.ContentCreation" name="contentCreation">
    <skipped/>
  </testcase> <!-- contentCreation -->
  <testcase classname="org.testscript.creator.EditBookAndVerify" name="editBookAndVerify">
    <skipped/>
  </testcase> <!-- editBookAndVerify -->
  <testcase classname="org.testscript.creator.EditUploadedContent" name="editUploadedContent">
    <skipped/>
  </testcase> <!-- editUploadedContent -->
  <testcase classname="org.testscript.mentor.UpdateBatchAsInvitedMentor" name="updateBatchAsInvitedMentor">
    <skipped/>
  </testcase> <!-- updateBatchAsInvitedMentor -->
  <testcase classname="org.testscript.newfeature.NoTCForSecondTimeUserLogin" name="noTermsAndConditionsForSecondTimeUserLogon">
    <skipped/>
  </testcase> <!-- noTermsAndConditionsForSecondTimeUserLogon -->
  <testcase classname="org.testscript.publicuser.SearchInLibrary" name="searchInLibrary">
    <skipped/>
  </testcase> <!-- searchInLibrary -->
  <testcase classname="org.testscript.creator.SearchParticularContentInAllMyContent" name="VerifySortFeatureOptions">
    <skipped/>
  </testcase> <!-- VerifySortFeatureOptions -->
  <testcase classname="org.testscript.creator.SearchTheContentInUpForReview" name="searchTheContentInUpForReview">
    <skipped/>
  </testcase> <!-- searchTheContentInUpForReview -->
  <testcase classname="org.testscript.reviewer.SortTheResultInUpForReview" name="workspace_upForReviewSortBy">
    <skipped/>
  </testcase> <!-- workspace_upForReviewSortBy -->
  <testcase classname="org.testscript.creator.VerifyEditDetailsForLessonPlan" name="verifyEditDetailsForLessonPlan">
    <skipped/>
  </testcase> <!-- verifyEditDetailsForLessonPlan -->
  <testcase classname="org.testscript.mentor.ToVerifyUpdatingOfUpcomingBatchForSearchedCourse" name="toVerifyUpdatingOfUpcomingBatchForSearchedCourse">
    <skipped/>
  </testcase> <!-- toVerifyUpdatingOfUpcomingBatchForSearchedCourse -->
  <testcase classname="org.testscript.reviewer.VerifyPublishButtonAndPublishCourse" name="verifyPublishButtonAndPublishCourse">
    <skipped/>
  </testcase> <!-- verifyPublishButtonAndPublishCourse -->
  <testcase classname="org.testscript.announcementsender.NavigateToAnnouncementDashboard" name="navigateToAnnouncementDashboard">
    <skipped/>
  </testcase> <!-- navigateToAnnouncementDashboard -->
  <testcase classname="org.testscript.creator.VerifyOwnershipTypeDropdownAndSelectValueWhenOpenedFromAllUploads" name="verifyOwnershipTypeDropdown">
    <skipped/>
  </testcase> <!-- verifyOwnershipTypeDropdown -->
  <testcase classname="org.testscript.reviewer.RejectTheContent" name="rejectTheContent">
    <skipped/>
  </testcase> <!-- rejectTheContent -->
  <testcase classname="org.testscript.mentor.CreateIOBatchWithStartDateAsCurrentDate" name="createIOBatchWithStartDateAsCurrentDate">
    <skipped/>
  </testcase> <!-- createIOBatchWithStartDateAsCurrentDate -->
  <testcase classname="org.testscript.skippedfunctionality.ChangeTheContentAfterFlagged" name="changeTheContentAfterFlagged">
    <skipped/>
  </testcase> <!-- changeTheContentAfterFlagged -->
  <testcase classname="org.testscript.mentor.ConsumeOpenCourseByPublicUserAndCheckCourseStatAsMentor" name="consumeOpenCourseByPublicUserAndCheckCourseStatAsMentor">
    <skipped/>
  </testcase> <!-- consumeOpenCourseByPublicUserAndCheckCourseStatAsMentor -->
  <testcase classname="org.testscript.creator.CourseCreation" name="courseCreation">
    <skipped/>
  </testcase> <!-- courseCreation -->
  <testcase classname="org.testscript.regression_removed.TC_302" name="TC_302_rootOrg">
    <skipped/>
  </testcase> <!-- TC_302_rootOrg -->
  <testcase classname="org.testscript.creator.CreateQuestionMCQAndVerify" name="createQuestionMCQAndVerify">
    <skipped/>
  </testcase> <!-- createQuestionMCQAndVerify -->
  <testcase classname="org.testscript.creator.VerifyOwnershipTypeCreatedForInBook" name="verifyOwnershipTypeCreatedForInBook">
    <skipped/>
  </testcase> <!-- verifyOwnershipTypeCreatedForInBook -->
  <testcase classname="org.testscript.skippedfunctionality.SkillEndorsement" name="skillEndorsement">
    <skipped/>
  </testcase> <!-- skillEndorsement -->
  <testcase classname="org.testscript.announcementsender.EditAndResendTheExistingAnnouncement" name="editAndResendTheExistingAnnouncement">
    <skipped/>
  </testcase> <!-- editAndResendTheExistingAnnouncement -->
  <testcase classname="org.testscript.mentor.VerifyMembersAutoInvitatedInInviteOnlyBatch" name="verifyMembersAutoInvitatedInInviteOnlyBatch">
    <skipped/>
  </testcase> <!-- verifyMembersAutoInvitatedInInviteOnlyBatch -->
  <testcase classname="org.testscript.creator.LessonplanCreation" name="createLessonAndVerify">
    <skipped/>
  </testcase> <!-- createLessonAndVerify -->
  <testcase classname="org.testscript.publicuser.NavigateToGetStartedAndExploreSunbird" name="verify_NavigateToGetStarted_ExploreSunbirdPage">
    <skipped/>
  </testcase> <!-- verify_NavigateToGetStarted_ExploreSunbirdPage -->
  <testcase classname="org.testscript.reviewer.VerifyLatestContentOnTopForReviewer" name="verifyLatestContentOnTopForReviewer">
    <skipped/>
  </testcase> <!-- verifyLatestContentOnTopForReviewer -->
  <testcase classname="org.testscript.announcementsender.VerifyCreateAnnouncementFeature" name="verifyCreateAnnouncementFeature">
    <skipped/>
  </testcase> <!-- verifyCreateAnnouncementFeature -->
  <testcase classname="org.testscript.creator.VerifySortByInAllMyContentForCreator" name="verifyAllMyContentSortByForCreator">
    <skipped/>
  </testcase> <!-- verifyAllMyContentSortByForCreator -->
  <testcase classname="org.testscript.reviewer.SearchContentWithFiltersAsReviewer" name="searchContentWithFiltersAsReviewer">
    <skipped/>
  </testcase> <!-- searchContentWithFiltersAsReviewer -->
  <testcase classname="org.testscript.admin.VerifyElementsInAdminDashboard" name="verifyElementsInAdminDashboard">
    <skipped/>
  </testcase> <!-- verifyElementsInAdminDashboard -->
  <testcase classname="org.testscript.announcementsender.CreateVerifyAndDeleteAnnouncement" name="createVerifyAndDeleteAnnouncement">
    <skipped/>
  </testcase> <!-- createVerifyAndDeleteAnnouncement -->
  <testcase classname="org.testscript.creator.CreateResourcePublishAndDeleteFromLimitedPublising" name="characterVerificationInPreviewKeyboard">
    <skipped/>
  </testcase> <!-- characterVerificationInPreviewKeyboard -->
  <testcase classname="org.testscript.creator.AllQuestionSetPlugins" name="questionSetPlugin">
    <skipped/>
  </testcase> <!-- questionSetPlugin -->
  <testcase classname="org.testscript.regression_removed.TC_301" name="TC_301_rootOrg">
    <skipped/>
  </testcase> <!-- TC_301_rootOrg -->
  <testcase classname="org.testscript.mentor.ToVerifyUpdatingOfOngoingBatchForSearchedCourse" name="toVerifyUpdatingOfOngoingBatchForSearchedCourse">
    <skipped/>
  </testcase> <!-- toVerifyUpdatingOfOngoingBatchForSearchedCourse -->
  <testcase classname="org.testscript.mentor.CreateIOBatchWithStartDateAsFutureDate" name="createIOBatchWithStartDateAsFutureDate">
    <skipped/>
  </testcase> <!-- createIOBatchWithStartDateAsFutureDate -->
  <testcase classname="org.testscript.creator.BookCreation" name="bookCreation">
    <skipped/>
  </testcase> <!-- bookCreation -->
  <testcase classname="org.testscript.reviewer.LatestContentOnTopOfUpForReviewAndSearch" name="latestContentIsOnTopUpForReviewAndSearch">
    <skipped/>
  </testcase> <!-- latestContentIsOnTopUpForReviewAndSearch -->
  <testcase classname="org.testscript.skippedfunctionality.UploadRootOrgUsersWithProviderAndExtID" name="rootUsersProviderAndExtID">
    <skipped/>
  </testcase> <!-- rootUsersProviderAndExtID -->
  <testcase classname="org.testscript.creator.VerifyUploadAndDownloadContent" name="verifyUploadAndDownloadContent">
    <skipped/>
  </testcase> <!-- verifyUploadAndDownloadContent -->
  <testcase classname="org.testscript.regression_removed.TC_304" name="TC_304_rootOrg">
    <skipped/>
  </testcase> <!-- TC_304_rootOrg -->
  <testcase classname="org.testscript.creator.VerifySaveContentInAllUploads" name="verifySaveContentInAllUploads">
    <skipped/>
  </testcase> <!-- verifySaveContentInAllUploads -->
  <testcase classname="org.testscript.mentor.CheckSuborgMentorInvitingOrgMember" name="suborgMentorInvitingOrgMember">
    <skipped/>
  </testcase> <!-- suborgMentorInvitingOrgMember -->
  <testcase classname="org.testscript.admin.NavigateToMyActivity" name="navigateToMyActivity">
    <skipped/>
  </testcase> <!-- navigateToMyActivity -->
  <testcase classname="org.testscript.creator.VerifyEditDetailsPopup" name="verifyWorkspaceEditailsPage_TopicTree">
    <skipped/>
  </testcase> <!-- verifyWorkspaceEditailsPage_TopicTree -->
  <testcase classname="org.testscript.skippedfunctionality.SubOrgUsersProviderAndExtId" name="subOrgUsersProviderAndExtId">
    <skipped/>
  </testcase> <!-- subOrgUsersProviderAndExtId -->
  <testcase classname="org.testscript.creator.VerifyUploadContentPopupAndFeatures" name="verifyUploadContentPopupAndFeatures">
    <skipped/>
  </testcase> <!-- verifyUploadContentPopupAndFeatures -->
  <testcase classname="org.testscript.creator.CreateQuestionMTFAndVerify" name="createQuestionMTFAndVerify">
    <skipped/>
  </testcase> <!-- createQuestionMTFAndVerify -->
  <testcase classname="org.testscript.regression_removed.TC_295" name="TC_295_rootOrg">
    <skipped/>
  </testcase> <!-- TC_295_rootOrg -->
  <testcase classname="org.testscript.skippedfunctionality.RootUsersProviderAndExtID" name="rootUsersProviderAndExtID">
    <skipped/>
  </testcase> <!-- rootUsersProviderAndExtID -->
  <testcase classname="org.testscript.creator.VerifyCreatorAndReviewerHasSameOwnershipTypeValueForLessonPlan" name="verifyCreatorAndReviewerHasSameOwnershipTypeForLessonPlan">
    <skipped/>
  </testcase> <!-- verifyCreatorAndReviewerHasSameOwnershipTypeForLessonPlan -->
  <testcase classname="org.testscript.publicuser.ConfirmInstructionReceivedInforgotPassword" name="confirmInstructionReceivedInforgotPassword">
    <skipped/>
  </testcase> <!-- confirmInstructionReceivedInforgotPassword -->
  <testcase classname="org.testscript.creator.VerifyCourseCanBePreviewed" name="verifyCourseCanBePreviewed">
    <skipped/>
  </testcase> <!-- verifyCourseCanBePreviewed -->
  <testcase classname="org.testscript.publicuser.ProfileInfoUpdate" name="profileInfoUpdate">
    <skipped/>
  </testcase> <!-- profileInfoUpdate -->
  <testcase classname="org.testscript.creator.DeletePublishedResourcesFromAllMyContent" name="deletePublishedResourcesFromAllMyContent">
    <skipped/>
  </testcase> <!-- deletePublishedResourcesFromAllMyContent -->
  <testcase classname="org.testscript.skippedfunctionality.UploadSubOrg" name="uploadSubOrg">
    <skipped/>
  </testcase> <!-- uploadSubOrg -->
  <testcase classname="org.testscript.creator.VerifyCreatorAndReviewerHasSameOwnershipTypeValueForCollection" name="verifyCreatorAndReviewerHasSameOwnershipTypeForCollection">
    <skipped/>
  </testcase> <!-- verifyCreatorAndReviewerHasSameOwnershipTypeForCollection -->
  <testcase classname="org.testscript.creator.SendTheCourseForReview" name="sendTheCourseForReview">
    <skipped/>
  </testcase> <!-- sendTheCourseForReview -->
  <testcase classname="org.testscript.announcementsender.VerifyAnnouncementPageContent" name="VerifyAnnouncementDetails">
    <skipped/>
  </testcase> <!-- VerifyAnnouncementDetails -->
  <testcase classname="org.testscript.announcementsender.VerifyAnnouncementPageContent" name="VerifyAnnouncementCreationFields">
    <skipped/>
  </testcase> <!-- VerifyAnnouncementCreationFields -->
  <testcase classname="org.testscript.announcementsender.VerifyAnnouncementPageContent" name="verifyAnnouncementMessage">
    <skipped/>
  </testcase> <!-- verifyAnnouncementMessage -->
  <testcase classname="org.testscript.creator.UploadYoutubeFile" name="library_copyContent">
    <skipped/>
  </testcase> <!-- library_copyContent -->
  <testcase classname="org.testscript.regression_removed.TC_296" name="TC_296_rootOrg">
    <skipped/>
  </testcase> <!-- TC_296_rootOrg -->
  <testcase classname="org.testscript.creator.EditContentAndSendForReview" name="editContentAndSendForReview">
    <skipped/>
  </testcase> <!-- editContentAndSendForReview -->
  <testcase classname="org.testscript.mentor.ConsumeCourseByInvitedMember" name="consumeCourseByInvitedMember">
    <skipped/>
  </testcase> <!-- consumeCourseByInvitedMember -->
  <testcase classname="org.testscript.reviewer.VerifyFiltersCanBeAppliedInUpForReview" name="verifyFiltersCanBeAppliedInUpForReview">
    <skipped/>
  </testcase> <!-- verifyFiltersCanBeAppliedInUpForReview -->
  <testcase classname="org.testscript.creator.VerifyTheUploadedContent" name="verifyTheUploadedContent">
    <skipped/>
  </testcase> <!-- verifyTheUploadedContent -->
  <testcase classname="org.testscript.mentor.CreateIOBatchByAddingMembersAndMentorsFromRootAndSubOrg" name="createIOBatchByAddingMembersAndMentorsFromRootAndSubOrg">
    <skipped/>
  </testcase> <!-- createIOBatchByAddingMembersAndMentorsFromRootAndSubOrg -->
  <testcase classname="org.testscript.creator.SearchLessonPlanAndCopy" name="searchLessonPlanAndCopy">
    <skipped/>
  </testcase> <!-- searchLessonPlanAndCopy -->
  <testcase classname="org.testscript.skippedfunctionality.FlagTheContentAsPublicUser" name="flagTheContentAsPublicUser">
    <skipped/>
  </testcase> <!-- flagTheContentAsPublicUser -->
  <testcase classname="org.testscript.creator.VerifyValidAndInvalidDialCodesInBookCreation" name="verifyValidAndInvalidDialCodesInBookCreation">
    <skipped/>
  </testcase> <!-- verifyValidAndInvalidDialCodesInBookCreation -->
  <testcase classname="org.testscript.publicuser.SearchUsers" name="searchUsers">
    <skipped/>
  </testcase> <!-- searchUsers -->
  <testcase classname="org.testscript.announcementsender.EditAndResendAnnouncement" name="editAndResendAnnouncement">
    <skipped/>
  </testcase> <!-- editAndResendAnnouncement -->
  <testcase classname="org.testscript.reviewer.ContentValidationInUpForReviewSearchWithFilter" name="contentValidationInUpForReviewSearchWithFilter">
    <skipped/>
  </testcase> <!-- contentValidationInUpForReviewSearchWithFilter -->
  <testcase classname="org.testscript.newfeature.VerifyTermsAndConditions" name="verifyTermsAndConditionsPopup">
    <skipped/>
  </testcase> <!-- verifyTermsAndConditionsPopup -->
  <testcase classname="org.testscript.creator.VerifyBookCreator" name="verifyBookCreator">
    <skipped/>
  </testcase> <!-- verifyBookCreator -->
  <testcase classname="org.testscript.publicuser.SearchCourse" name="searchCourse">
    <skipped/>
  </testcase> <!-- searchCourse -->
  <testcase classname="org.testscript.creator.CreateResourceByUploadingVideoAndActivityPlugins" name="verifyUploadingVideo_AddingActivity">
    <skipped/>
  </testcase> <!-- verifyUploadingVideo_AddingActivity -->
  <testcase classname="org.testscript.creator.CreateResourceByUploadingVideoAndActivityPlugins" name="verifyAddingActivityFunctionality">
    <skipped/>
  </testcase> <!-- verifyAddingActivityFunctionality -->
  <testcase classname="org.testscript.creator.DeletePublishedCourseFromAllMyContent" name="deletePublishedCourseFromAllMyContent">
    <skipped/>
  </testcase> <!-- deletePublishedCourseFromAllMyContent -->
  <testcase classname="org.testscript.publicuser.SearchCourseUsingFilter" name="searchCourseUsingFilter">
    <skipped/>
  </testcase> <!-- searchCourseUsingFilter -->
  <testcase classname="org.testscript.reviewer.PublishTheContent" name="verifyPublishedContentInPublishedBucket">
    <skipped/>
  </testcase> <!-- verifyPublishedContentInPublishedBucket -->
  <testcase classname="org.testscript.creator.UnlinkDailcode" name="unlinkDailcode">
    <skipped/>
  </testcase> <!-- unlinkDailcode -->
  <testcase classname="org.testscript.creator.VerifyPropertySectionAndPreviewSlides" name="verifyPropertySectionAndPreviewSlides">
    <skipped/>
  </testcase> <!-- verifyPropertySectionAndPreviewSlides -->
  <testcase classname="org.testscript.skippedfunctionality.SearchOrgsAsAdmin" name="searchOrgsAsAdmin">
    <skipped/>
  </testcase> <!-- searchOrgsAsAdmin -->
  <testcase classname="org.testscript.creator.CopyContentFromLibraryAndVerify" name="verifyCopyContent_Library">
    <skipped/>
  </testcase> <!-- verifyCopyContent_Library -->
  <testcase classname="org.testscript.mentor.VerifyCreatedInviteOnlybatch" name="verifyCreatedInviteOnlybatch">
    <skipped/>
  </testcase> <!-- verifyCreatedInviteOnlybatch -->
  <testcase classname="org.testscript.creator.VerifySortOption" name="verifySortOption">
    <skipped/>
  </testcase> <!-- verifySortOption -->
  <testcase classname="org.testscript.creator.UploadContentSaveAndSendForReview" name="uploadContentSaveAndSendForReview">
    <skipped/>
  </testcase> <!-- uploadContentSaveAndSendForReview -->
  <testcase classname="org.testscript.mentor.NavigateToWorkspaceAndSelectPreviousBatches" name="navigateToWorkspaceAndSelectPreviousBatches">
    <skipped/>
  </testcase> <!-- navigateToWorkspaceAndSelectPreviousBatches -->
  <testcase classname="org.testscript.creator.VerifyOwnershipTypeDdlValueWhenContentOpenedFromDrafts" name="verifyOwnershipTypeDropdownContentWhenOpenedFromDrafts">
    <skipped/>
  </testcase> <!-- verifyOwnershipTypeDropdownContentWhenOpenedFromDrafts -->
  <testcase classname="org.testscript.creator.VerifyMyActivityLinkInProfileDropdown" name="verifyMyactivityLinkInProfileDropdown">
    <skipped/>
  </testcase> <!-- verifyMyactivityLinkInProfileDropdown -->
  <testcase classname="org.testscript.creator.VerifyCreatorAndReviewerHasSameOwnershipTypeValueForResource" name="verifyCreatorAndReviewerHasSameOwnershipTypeValueForResource">
    <skipped/>
  </testcase> <!-- verifyCreatorAndReviewerHasSameOwnershipTypeValueForResource -->
  <testcase classname="org.testscript.creator.VerifyEditMetadataPageForCollection" name="workspaceCollection_verifyEditDetailsPage">
    <skipped/>
  </testcase> <!-- workspaceCollection_verifyEditDetailsPage -->
  <testcase classname="org.testscript.reviewer.RejectTheUploadedContent" name="rejectTheUploadedContent">
    <skipped/>
  </testcase> <!-- rejectTheUploadedContent -->
  <testcase classname="org.testscript.publicuser.SearchInLibraryUsingFilter" name="searchInLibraryUsingFilter">
    <skipped/>
  </testcase> <!-- searchInLibraryUsingFilter -->
  <testcase classname="org.testscript.creator.VerifyTheBookAvailableForReview" name="verifyTheBookAvailableForReview">
    <skipped/>
  </testcase> <!-- verifyTheBookAvailableForReview -->
  <testcase classname="org.testscript.creator.VerifyOwnersipTypeDdlValueContentWhenOpenedFromLimitedPublishing" name="verifyOwnershipTypeDropdownContentWhenOpenedFromLP">
    <skipped/>
  </testcase> <!-- verifyOwnershipTypeDropdownContentWhenOpenedFromLP -->
  <testcase classname="org.testscript.regression_removed.TC_305" name="TC_305_rootOrg">
    <skipped/>
  </testcase> <!-- TC_305_rootOrg -->
  <testcase classname="org.testscript.creator.VerifyCreatorAndReviewerSameOwnershipTypeValueForUploadedContent" name="verifyCreatorAndReviewerHasOwnershipTypeValueOfUploadedContent">
    <skipped/>
  </testcase> <!-- verifyCreatorAndReviewerHasOwnershipTypeValueOfUploadedContent -->
  <testcase classname="org.testscript.creator.VerifyLibraryAndCourseInExplore_TOC_ContentPages" name="verifyLibraryAndCourseInExplore_TOC_ContentPages">
    <skipped/>
  </testcase> <!-- verifyLibraryAndCourseInExplore_TOC_ContentPages -->
  <testcase classname="org.testscript.creator.DownloadTheTOC" name="downloadTheTOC">
    <skipped/>
  </testcase> <!-- downloadTheTOC -->
  <testcase classname="org.testscript.creator.QuestionTemplateFillInTheBlankCustom" name="questionTemplateFillInTheBlankCustom">
    <skipped/>
  </testcase> <!-- questionTemplateFillInTheBlankCustom -->
  <testcase classname="org.testscript.mentor.CheckCourseStatAsMentor" name="checkCourseStatAsMentor">
    <skipped/>
  </testcase> <!-- checkCourseStatAsMentor -->
  <testcase classname="org.testscript.announcementsender.DeleteAnnouncement" name="deleteAnnouncement">
    <skipped/>
  </testcase> <!-- deleteAnnouncement -->
  <testcase classname="org.testscript.creator.DeleteContentByStatusInAllMyContent" name="deleteByStatusInAllMyContent">
    <skipped/>
  </testcase> <!-- deleteByStatusInAllMyContent -->
</testsuite> <!-- org.testscript.creator.UploadContentTypeH5pAndVerify -->
