<?xml version="1.0" encoding="UTF-8"?>
<!-- Generated by org.testng.reporters.JUnitReportReporter -->
<testsuite ignored="0" hostname="Qualitrix-LinuxPC" failures="0" tests="1" name="org.testscript.regression.ContentValidationInUpForReviewSearchWithFilter" time="76.911" errors="0" timestamp="15 Dec 2018 08:55:02 GMT" skipped="0">
  <testcase classname="org.testscript.regression.ContentValidationInUpForReviewSearchWithFilter" name="contentValidationInUpForReviewSearchWithFilter" time="76.911"/>
</testsuite> <!-- org.testscript.regression.ContentValidationInUpForReviewSearchWithFilter -->
