<?xml version="1.0" encoding="UTF-8"?>
<!-- Generated by org.testng.reporters.JUnitReportReporter -->
<testsuite ignored="0" hostname="qualitrix-thinkpad-e480" failures="0" tests="1" name="org.testscript.creator.VerifyOwnersipTypeDdlValueContentWhenOpenedFromLimitedPublishing" time="212.536" errors="0" timestamp="19 Feb 2019 06:42:04 GMT" skipped="0">
  <testcase classname="org.testscript.creator.VerifyOwnersipTypeDdlValueContentWhenOpenedFromLimitedPublishing" name="verifyOwnershipTypeDropdownContentWhenOpenedFromLP" time="212.536"/>
</testsuite> <!-- org.testscript.creator.VerifyOwnersipTypeDdlValueContentWhenOpenedFromLimitedPublishing -->
