<?xml version="1.0" encoding="UTF-8"?>
<!-- Generated by org.testng.reporters.JUnitReportReporter -->
<testsuite ignored="0" hostname="Qualitrix-LinuxPC" failures="0" tests="1" name="org.testscript.announcementsender.CreateVerifyAndDeleteAnnouncement" time="81.774" errors="0" timestamp="05 Feb 2019 08:18:27 GMT" skipped="0">
  <testcase classname="org.testscript.announcementsender.CreateVerifyAndDeleteAnnouncement" name="createVerifyAndDeleteAnnouncement" time="81.774"/>
</testsuite> <!-- org.testscript.announcementsender.CreateVerifyAndDeleteAnnouncement -->
