<?xml version="1.0" encoding="UTF-8"?>
<!-- Generated by org.testng.reporters.JUnitReportReporter -->
<testsuite ignored="0" hostname="Qualitrix-LinuxPC" failures="0" tests="1" name="org.testscript.creator.VerifySaveContentInAllUploads" time="0.005" errors="0" timestamp="02 Jan 2019 05:53:41 GMT" skipped="1">
  <testcase classname="org.testscript.creator.VerifySaveContentInAllUploads" name="verifySaveContentInAllUploads" time="0.005">
    <skipped/>
  </testcase> <!-- verifySaveContentInAllUploads -->
</testsuite> <!-- org.testscript.creator.VerifySaveContentInAllUploads -->
