<?xml version="1.0" encoding="UTF-8"?>
<!-- Generated by org.testng.reporters.JUnitReportReporter -->
<testsuite ignored="0" hostname="Qualitrix-LinuxPC" failures="0" tests="1" name="org.testscript.smoke.CreateQuestionMCQAndVerify" time="0.001" errors="0" timestamp="07 Jan 2019 11:06:29 GMT" skipped="1">
  <testcase classname="org.testscript.smoke.CreateQuestionMCQAndVerify" name="createQuestionMCQAndVerify" time="0.001">
    <skipped/>
  </testcase> <!-- createQuestionMCQAndVerify -->
</testsuite> <!-- org.testscript.smoke.CreateQuestionMCQAndVerify -->
