<?xml version="1.0" encoding="UTF-8"?>
<!-- Generated by org.testng.reporters.JUnitReportReporter -->
<testsuite ignored="0" hostname="Qualitrix-LinuxPC" failures="0" tests="1" name="org.testscript.creator.CourseCreation" time="217.568" errors="0" timestamp="21 Feb 2019 10:42:50 GMT" skipped="0">
  <testcase classname="org.testscript.creator.CourseCreation" name="courseCreation" time="217.568"/>
</testsuite> <!-- org.testscript.creator.CourseCreation -->
