<?xml version="1.0" encoding="UTF-8"?>
<!-- Generated by org.testng.reporters.JUnitReportReporter -->
<testsuite ignored="0" hostname="Qualitrix-LinuxPC" failures="0" tests="1" name="org.testscript.regressionP2.VerifyFilledDataWhileCreatingAnnouncement" time="0.003" errors="0" timestamp="12 Dec 2018 09:59:18 GMT" skipped="1">
  <testcase classname="org.testscript.regressionP2.VerifyFilledDataWhileCreatingAnnouncement" name="TC_339_announcement_feature" time="0.003">
    <skipped/>
  </testcase> <!-- TC_339_announcement_feature -->
</testsuite> <!-- org.testscript.regressionP2.VerifyFilledDataWhileCreatingAnnouncement -->
