<?xml version="1.0" encoding="UTF-8"?>
<!-- Generated by org.testng.reporters.JUnitReportReporter -->
<testsuite ignored="0" hostname="Qualitrix-LinuxPC" failures="0" tests="1" name="org.testscript.regression.ReviewAndPublishReceivedContent" time="0.000" errors="0" timestamp="15 Dec 2018 04:51:31 GMT" skipped="1">
  <testcase classname="org.testscript.regression.ReviewAndPublishReceivedContent" name="reviewAndPublishReceivedContent" time="0.000">
    <skipped/>
  </testcase> <!-- reviewAndPublishReceivedContent -->
</testsuite> <!-- org.testscript.regression.ReviewAndPublishReceivedContent -->
