<?xml version="1.0" encoding="UTF-8"?>
<!-- Generated by org.testng.reporters.JUnitReportReporter -->
<testsuite ignored="0" hostname="qualitrix-thinkpad-e480" failures="0" tests="1" name="org.testscript.creator.VerifyCreatorAndReviewerHasSameOwnershipTypeValueForCollection" time="159.185" errors="0" timestamp="25 Feb 2019 11:45:21 GMT" skipped="0">
  <testcase classname="org.testscript.creator.VerifyCreatorAndReviewerHasSameOwnershipTypeValueForCollection" name="verifyCreatorAndReviewerHasSameOwnershipTypeForCollection" time="159.185"/>
</testsuite> <!-- org.testscript.creator.VerifyCreatorAndReviewerHasSameOwnershipTypeValueForCollection -->
