<?xml version="1.0" encoding="UTF-8"?>
<!-- Generated by org.testng.reporters.JUnitReportReporter -->
<testsuite ignored="0" hostname="qualitrix-thinkpad-e480" failures="0" tests="1" name="org.testscript.creator.VerifyCreatorAndReviewerSameOwnershipTypeValueForUploadedContent" time="190.896" errors="0" timestamp="25 Feb 2019 13:05:04 GMT" skipped="0">
  <testcase classname="org.testscript.creator.VerifyCreatorAndReviewerSameOwnershipTypeValueForUploadedContent" name="verifyCreatorAndReviewerHasOwnershipTypeValueOfUploadedContent" time="190.896"/>
</testsuite> <!-- org.testscript.creator.VerifyCreatorAndReviewerSameOwnershipTypeValueForUploadedContent -->
