<?xml version="1.0" encoding="UTF-8"?>
<!-- Generated by org.testng.reporters.JUnitReportReporter -->
<testsuite ignored="0" hostname="Qualitrix-LinuxPC" failures="0" tests="1" name="org.testscript.mentor.NavigateToWorkspaceAndSelectPreviousBatches" time="0.001" errors="0" timestamp="02 Jan 2019 05:53:41 GMT" skipped="1">
  <testcase classname="org.testscript.mentor.NavigateToWorkspaceAndSelectPreviousBatches" name="navigateToWorkspaceAndSelectPreviousBatches" time="0.001">
    <skipped/>
  </testcase> <!-- navigateToWorkspaceAndSelectPreviousBatches -->
</testsuite> <!-- org.testscript.mentor.NavigateToWorkspaceAndSelectPreviousBatches -->
