<?xml version="1.0" encoding="UTF-8"?>
<!-- Generated by org.testng.reporters.JUnitReportReporter -->
<testsuite ignored="0" hostname="Qualitrix-LinuxPC" failures="0" tests="1" name="org.testscript.TC_205" time="0.001" errors="0" timestamp="12 Dec 2018 05:05:21 GMT" skipped="1">
  <testcase classname="org.testscript.TC_205" name="TC_205_lessonPlan" time="0.001">
    <skipped/>
  </testcase> <!-- TC_205_lessonPlan -->
</testsuite> <!-- org.testscript.TC_205 -->
