<?xml version="1.0" encoding="UTF-8"?>
<!-- Generated by org.testng.reporters.JUnitReportReporter -->
<testsuite ignored="0" hostname="qualitrix-thinkpad-e480" failures="0" tests="1" name="org.testscript.creator.VerifyOwnershipTypeDdlValueWhenContentOpenedFromReviewSubmission" time="4029.083" errors="0" timestamp="14 Feb 2019 11:49:29 GMT" skipped="0">
  <testcase classname="org.testscript.creator.VerifyOwnershipTypeDdlValueWhenContentOpenedFromReviewSubmission" name="verifyValueOfOwnershipTypeContentWhenOpenedFromReviewSubmission" time="4029.083"/>
</testsuite> <!-- org.testscript.creator.VerifyOwnershipTypeDdlValueWhenContentOpenedFromReviewSubmission -->
