<?xml version="1.0" encoding="UTF-8"?>
<!-- Generated by org.testng.reporters.JUnitReportReporter -->
<testsuite ignored="0" hostname="Qualitrix-LinuxPC" failures="0" tests="1" name="org.testscript.creator.VerifyOwnershipTypeInBook" time="132.922" errors="0" timestamp="14 Feb 2019 09:33:01 GMT" skipped="0">
  <testcase classname="org.testscript.creator.VerifyOwnershipTypeInBook" name="verifyOwnershipTypeInBook" time="132.922"/>
</testsuite> <!-- org.testscript.creator.VerifyOwnershipTypeInBook -->
