<?xml version="1.0" encoding="UTF-8"?>
<!-- Generated by org.testng.reporters.JUnitReportReporter -->
<testsuite ignored="0" hostname="Qualitrix-LinuxPC" failures="0" tests="2" name="org.testscript.creator.CreateResourceByUploadingVideoAndActivityPlugins" time="0.001" errors="0" timestamp="02 Jan 2019 05:53:41 GMT" skipped="2">
  <testcase classname="org.testscript.creator.CreateResourceByUploadingVideoAndActivityPlugins" name="verifyAddingActivityFunctionality" time="0.001">
    <skipped/>
  </testcase> <!-- verifyAddingActivityFunctionality -->
  <testcase classname="org.testscript.creator.CreateResourceByUploadingVideoAndActivityPlugins" name="verifyUploadingVideo_AddingActivity" time="0.000">
    <skipped/>
  </testcase> <!-- verifyUploadingVideo_AddingActivity -->
</testsuite> <!-- org.testscript.creator.CreateResourceByUploadingVideoAndActivityPlugins -->
