<?xml version="1.0" encoding="UTF-8"?>
<!-- Generated by org.testng.reporters.JUnitReportReporter -->
<testsuite ignored="0" hostname="Qualitrix-LinuxPC" failures="0" tests="1" name="org.testscript.creator.DownloadTheTOC" time="80.250" errors="0" timestamp="07 Feb 2019 09:39:29 GMT" skipped="0">
  <testcase classname="org.testscript.creator.DownloadTheTOC" name="downloadTheTOC" time="80.250"/>
</testsuite> <!-- org.testscript.creator.DownloadTheTOC -->
