<?xml version="1.0" encoding="UTF-8"?>
<!-- Generated by org.testng.reporters.JUnitReportReporter -->
<testsuite ignored="0" hostname="Qualitrix-LinuxPC" failures="0" tests="1" name="org.testscripts.UploadContentMP4" time="0.001" errors="0" timestamp="10 Dec 2018 17:27:26 GMT" skipped="1">
  <testcase classname="org.testscripts.UploadContentMP4" name="uploadContentMP4" time="0.001">
    <skipped/>
  </testcase> <!-- uploadContentMP4 -->
</testsuite> <!-- org.testscripts.UploadContentMP4 -->
