<?xml version="1.0" encoding="UTF-8"?>
<!-- Generated by org.testng.reporters.JUnitReportReporter -->
<testsuite ignored="0" hostname="Qualitrix-LinuxPC" failures="0" tests="3" name="org.testscript.regression.VerifyAnnouncementPageContent" time="0.002" errors="0" timestamp="15 Dec 2018 04:51:31 GMT" skipped="3">
  <testcase classname="org.testscript.regression.VerifyAnnouncementPageContent" name="VerifyAnnouncementCreationFields" time="0.001">
    <skipped/>
  </testcase> <!-- VerifyAnnouncementCreationFields -->
  <testcase classname="org.testscript.regression.VerifyAnnouncementPageContent" name="VerifyAnnouncementDetails" time="0.001">
    <skipped/>
  </testcase> <!-- VerifyAnnouncementDetails -->
  <testcase classname="org.testscript.regression.VerifyAnnouncementPageContent" name="verifyAnnouncementMessage" time="0.000">
    <skipped/>
  </testcase> <!-- verifyAnnouncementMessage -->
</testsuite> <!-- org.testscript.regression.VerifyAnnouncementPageContent -->
