<?xml version="1.0" encoding="UTF-8"?>
<!-- Generated by org.testng.reporters.JUnitReportReporter -->
<testsuite ignored="0" hostname="Qualitrix-LinuxPC" failures="0" tests="1" name="org.testscript.smoke.CreateBookAndVerify" time="0.000" errors="0" timestamp="07 Jan 2019 11:06:29 GMT" skipped="1">
  <testcase classname="org.testscript.smoke.CreateBookAndVerify" name="createBookAndVerify" time="0.000">
    <skipped/>
  </testcase> <!-- createBookAndVerify -->
</testsuite> <!-- org.testscript.smoke.CreateBookAndVerify -->
