<?xml version="1.0" encoding="UTF-8"?>
<!-- Generated by org.testng.reporters.JUnitReportReporter -->
<testsuite ignored="0" hostname="Qualitrix-LinuxPC" failures="0" tests="1" name="org.testscript.regressionP2.ToVerifyUpdatingOfOngoingBatchForSearchedCourse" time="0.001" errors="0" timestamp="12 Dec 2018 09:59:18 GMT" skipped="1">
  <testcase classname="org.testscript.regressionP2.ToVerifyUpdatingOfOngoingBatchForSearchedCourse" name="TC_299_rootOrg" time="0.001">
    <skipped/>
  </testcase> <!-- TC_299_rootOrg -->
</testsuite> <!-- org.testscript.regressionP2.ToVerifyUpdatingOfOngoingBatchForSearchedCourse -->
