<?xml version="1.0" encoding="UTF-8"?>
<!-- Generated by org.testng.reporters.JUnitReportReporter -->
<testsuite ignored="0" hostname="Qualitrix-LinuxPC" failures="0" tests="1" name="org.testscript.creator.CreateResourceAndVerify" time="266.158" errors="0" timestamp="27 Feb 2019 11:23:17 GMT" skipped="0">
  <testcase classname="org.testscript.creator.CreateResourceAndVerify" name="createResourceAndVerify" time="266.158"/>
</testsuite> <!-- org.testscript.creator.CreateResourceAndVerify -->
