<?xml version="1.0" encoding="UTF-8"?>
<!-- Generated by org.testng.reporters.JUnitReportReporter -->
<testsuite name="org.Diksha.testscripts.Diksha_TC_15_16_17_1" tests="1" time="144.596" ignored="0" failures="1" timestamp="15 Sep 2018 05:55:48 GMT" skipped="0" hostname="princess-Lenovo-G560" errors="0">
  <testcase name="uploadContentMP4Diksha_TC_15_1" time="144.596" classname="org.Diksha.testscripts.Diksha_TC_15_16_17_1">
    <failure type="java.lang.AssertionError" message="Failed to upload any content and send for review ">
      <![CDATA[java.lang.AssertionError: Failed to upload any content and send for review 
	at org.testng.Assert.fail(Assert.java:94)
	at org.Diksha.pageobjects.CreatorUserPageObj.uploadContent(CreatorUserPageObj.java:1065)
	at org.Diksha.testscripts.Diksha_TC_15_16_17_1.uploadContentMP4Diksha_TC_15_1(Diksha_TC_15_16_17_1.java:21)
	at sun.reflect.NativeMethodAccessorImpl.invoke0(Native Method)
	at sun.reflect.NativeMethodAccessorImpl.invoke(NativeMethodAccessorImpl.java:62)
	at sun.reflect.DelegatingMethodAccessorImpl.invoke(DelegatingMethodAccessorImpl.java:43)
	at java.lang.reflect.Method.invoke(Method.java:498)
	at org.testng.internal.MethodInvocationHelper.invokeMethod(MethodInvocationHelper.java:104)
	at org.testng.internal.Invoker.invokeMethod(Invoker.java:645)
	at org.testng.internal.Invoker.invokeTestMethod(Invoker.java:851)
	at org.testng.internal.Invoker.invokeTestMethods(Invoker.java:1177)
	at org.testng.internal.TestMethodWorker.invokeTestMethods(TestMethodWorker.java:129)
	at org.testng.internal.TestMethodWorker.run(TestMethodWorker.java:112)
	at org.testng.TestRunner.privateRun(TestRunner.java:756)
	at org.testng.TestRunner.run(TestRunner.java:610)
	at org.testng.SuiteRunner.runTest(SuiteRunner.java:387)
	at org.testng.SuiteRunner.runSequentially(SuiteRunner.java:382)
	at org.testng.SuiteRunner.privateRun(SuiteRunner.java:340)
	at org.testng.SuiteRunner.run(SuiteRunner.java:289)
	at org.testng.SuiteRunnerWorker.runSuite(SuiteRunnerWorker.java:52)
	at org.testng.SuiteRunnerWorker.run(SuiteRunnerWorker.java:86)
	at org.testng.TestNG.runSuitesSequentially(TestNG.java:1293)
	at org.testng.TestNG.runSuitesLocally(TestNG.java:1218)
	at org.testng.TestNG.runSuites(TestNG.java:1133)
	at org.testng.TestNG.run(TestNG.java:1104)
	at org.testng.remote.AbstractRemoteTestNG.run(AbstractRemoteTestNG.java:114)
	at org.testng.remote.RemoteTestNG.initAndRun(RemoteTestNG.java:251)
	at org.testng.remote.RemoteTestNG.main(RemoteTestNG.java:77)
]]>
    </failure>
  </testcase> <!-- uploadContentMP4Diksha_TC_15_1 -->
</testsuite> <!-- org.Diksha.testscripts.Diksha_TC_15_16_17_1 -->
