<?xml version="1.0" encoding="UTF-8"?>
<!-- Generated by org.testng.reporters.JUnitReportReporter -->
<testsuite ignored="0" hostname="Qualitrix-LinuxPC" failures="0" tests="1" name="org.testscript.creator.VerifyOwnershipTypeCreatedByInBook" time="90.555" errors="0" timestamp="14 Feb 2019 11:37:01 GMT" skipped="0">
  <testcase classname="org.testscript.creator.VerifyOwnershipTypeCreatedByInBook" name="verifyOwnershipTypeCreatedByInBook" time="90.555"/>
</testsuite> <!-- org.testscript.creator.VerifyOwnershipTypeCreatedByInBook -->
