<?xml version="1.0" encoding="UTF-8"?>
<!-- Generated by org.testng.reporters.JUnitReportReporter -->
<testsuite ignored="0" hostname="qualitrix-thinkpad-e480" failures="0" tests="2" name="org.testscript.creator.UploadContentTypeHtmlAndVerify" time="388.428" errors="0" timestamp="26 Feb 2019 12:07:58 GMT" skipped="0">
  <testcase classname="org.testscript.creator.UploadContentTypeHtmlAndVerify" name="uploadContentTypeHtmlAndVerify" time="208.449"/>
  <testcase classname="org.testscript.creator.UploadContentTypeHtmlAndVerify" name="uploadContentTypeHtmlAndVerify" time="179.979"/>
</testsuite> <!-- org.testscript.creator.UploadContentTypeHtmlAndVerify -->
