<?xml version="1.0" encoding="UTF-8"?>
<!-- Generated by org.testng.reporters.JUnitReportReporter -->
<testsuite ignored="0" hostname="Qualitrix-LinuxPC" failures="0" tests="1" name="org.testscript.admin.CheckForDownloadButtonAvailabilityForUserInProfile" time="68.455" errors="0" timestamp="28 Dec 2018 07:48:36 GMT" skipped="0">
  <testcase classname="org.testscript.admin.CheckForDownloadButtonAvailabilityForUserInProfile" name="checkForDownloadButtonAvailabilityForUserInProfile" time="68.455"/>
</testsuite> <!-- org.testscript.admin.CheckForDownloadButtonAvailabilityForUserInProfile -->
