<?xml version="1.0" encoding="UTF-8"?>
<!-- Generated by org.testng.reporters.JUnitReportReporter -->
<testsuite ignored="0" hostname="qualitrix-thinkpad-e480" failures="0" tests="1" name="org.testscript.creator.VerifyCreatorAndReviewerHasSameOwnershipTypeVlueForLessonPlan" time="219.171" errors="0" timestamp="25 Feb 2019 10:14:30 GMT" skipped="0">
  <testcase classname="org.testscript.creator.VerifyCreatorAndReviewerHasSameOwnershipTypeVlueForLessonPlan" name="verifyCreatorAndReviewerHasSameOwnershipTypeForLessonPlan" time="219.171"/>
</testsuite> <!-- org.testscript.creator.VerifyCreatorAndReviewerHasSameOwnershipTypeVlueForLessonPlan -->
