<?xml version="1.0" encoding="UTF-8"?>
<!-- Generated by org.testng.reporters.JUnitReportReporter -->
<testsuite ignored="0" hostname="Qualitrix-LinuxPC" failures="0" tests="1" name="org.testscripts.EditResourceAndVerify" time="193.688" errors="0" timestamp="07 Dec 2018 07:40:15 GMT" skipped="0">
  <testcase classname="org.testscripts.EditResourceAndVerify" name="editResourceAndVerify" time="193.688"/>
</testsuite> <!-- org.testscripts.EditResourceAndVerify -->
