<?xml version="1.0" encoding="UTF-8"?>
<!-- Generated by org.testng.reporters.JUnitReportReporter -->
<testsuite ignored="0" hostname="Qualitrix-LinuxPC" failures="0" tests="1" name="org.testscript.TC_297" time="0.000" errors="0" timestamp="12 Dec 2018 05:05:21 GMT" skipped="1">
  <testcase classname="org.testscript.TC_297" name="TC_297_rootOrg" time="0.000">
    <skipped/>
  </testcase> <!-- TC_297_rootOrg -->
</testsuite> <!-- org.testscript.TC_297 -->
