<?xml version="1.0" encoding="UTF-8"?>
<!-- Generated by org.testng.reporters.JUnitReportReporter -->
<testsuite ignored="0" hostname="qualitrix-thinkpad-e480" failures="0" tests="1" name="org.testscript.publicuser.SearchCourse" time="55.268" errors="0" timestamp="19 Feb 2019 10:31:02 GMT" skipped="0">
  <testcase classname="org.testscript.publicuser.SearchCourse" name="searchCourse" time="55.268"/>
</testsuite> <!-- org.testscript.publicuser.SearchCourse -->
