<?xml version="1.0" encoding="UTF-8"?>
<!-- Generated by org.testng.reporters.JUnitReportReporter -->
<testsuite name="org.testscript.creator.CreateQuestionFITBAndVerify" tests="1" time="369.286" ignored="0" failures="0" timestamp="16 Jan 2019 12:58:44 GMT" skipped="0" hostname="qualitrix-Inspiron-3521" errors="0">
  <testcase name="createQuestionFITBAndVerify" time="369.286" classname="org.testscript.creator.CreateQuestionFITBAndVerify"/>
</testsuite> <!-- org.testscript.creator.CreateQuestionFITBAndVerify -->
