<?xml version="1.0" encoding="UTF-8"?>
<!-- Generated by org.testng.reporters.JUnitReportReporter -->
<testsuite ignored="0" hostname="Qualitrix-LinuxPC" failures="0" tests="1" name="org.testscript.sanity.ResourceCreationAndPublish" time="0.001" errors="0" timestamp="15 Dec 2018 11:06:00 GMT" skipped="1">
  <testcase classname="org.testscript.sanity.ResourceCreationAndPublish" name="creatorResourceAndVerify" time="0.001">
    <skipped/>
  </testcase> <!-- creatorResourceAndVerify -->
</testsuite> <!-- org.testscript.sanity.ResourceCreationAndPublish -->
