<?xml version="1.0" encoding="UTF-8"?>
<!-- Generated by org.testng.reporters.JUnitReportReporter -->
<testsuite ignored="0" hostname="qualitrix-thinkpad-e480" failures="0" tests="1" name="org.testscript.creator.VerifyOwnershipTypeDdlValueContentWhenOpenedFromAllMyContentSection" time="267.187" errors="0" timestamp="21 Feb 2019 12:11:37 GMT" skipped="0">
  <testcase classname="org.testscript.creator.VerifyOwnershipTypeDdlValueContentWhenOpenedFromAllMyContentSection" name="verifyOwnershipTypeDdlValueContentWhenOpenedFromAllMyContentSection" time="267.187"/>
</testsuite> <!-- org.testscript.creator.VerifyOwnershipTypeDdlValueContentWhenOpenedFromAllMyContentSection -->
