<?xml version="1.0" encoding="UTF-8"?>
<!-- Generated by org.testng.reporters.JUnitReportReporter -->
<testsuite ignored="0" hostname="qualitrix-thinkpad-e480" failures="0" tests="1" name="org.testscript.creator.VerifyOwnershipTypeDropdownAndSelectValueWhenOpenedFromAllUploads" time="81.444" errors="0" timestamp="14 Feb 2019 07:10:14 GMT" skipped="0">
  <testcase classname="org.testscript.creator.VerifyOwnershipTypeDropdownAndSelectValueWhenOpenedFromAllUploads" name="verifyOwnershipTypeDropdown" time="81.444"/>
</testsuite> <!-- org.testscript.creator.VerifyOwnershipTypeDropdownAndSelectValueWhenOpenedFromAllUploads -->
