<?xml version="1.0" encoding="UTF-8"?>
<!-- Generated by org.testng.reporters.JUnitReportReporter -->
<testsuite ignored="0" hostname="Qualitrix-LinuxPC" failures="0" tests="1" name="org.testscript.publicuser.SkillEndorsement" time="0.001" errors="0" timestamp="15 Dec 2018 13:06:14 GMT" skipped="1">
  <testcase classname="org.testscript.publicuser.SkillEndorsement" name="skillEndorsement" time="0.001">
    <skipped/>
  </testcase> <!-- skillEndorsement -->
</testsuite> <!-- org.testscript.publicuser.SkillEndorsement -->
