<?xml version="1.0" encoding="UTF-8"?>
<!-- Generated by org.testng.reporters.JUnitReportReporter -->
<testsuite ignored="0" hostname="qualitrix-thinkpad-e480" failures="0" tests="1" name="org.testscript.creator.VerifyCreatorAndReviewerHasSameOwnershipTypeValueForCourse" time="82.307" errors="0" timestamp="27 Feb 2019 07:36:25 GMT" skipped="0">
  <testcase classname="org.testscript.creator.VerifyCreatorAndReviewerHasSameOwnershipTypeValueForCourse" name="verifyCreatorAndReviewerHasSameOwnershipTypeValueForCourse" time="82.307"/>
</testsuite> <!-- org.testscript.creator.VerifyCreatorAndReviewerHasSameOwnershipTypeValueForCourse -->
