<?xml version="1.0" encoding="UTF-8"?>
<!-- Generated by org.testng.reporters.JUnitReportReporter -->
<testsuite ignored="0" hostname="Qualitrix-LinuxPC" failures="0" tests="1" name="org.testscript.regressionP2.CreateIOBatchByAddingMembersAndMentorsFromRootAndSubOrg" time="37.777" errors="0" timestamp="15 Dec 2018 09:14:55 GMT" skipped="0">
  <testcase classname="org.testscript.regressionP2.CreateIOBatchByAddingMembersAndMentorsFromRootAndSubOrg" name="createIOBatchByAddingRootAndSubOrgMembersAndMentors" time="37.777"/>
</testsuite> <!-- org.testscript.regressionP2.CreateIOBatchByAddingMembersAndMentorsFromRootAndSubOrg -->
