<?xml version="1.0" encoding="UTF-8"?>
<!-- Generated by org.testng.reporters.JUnitReportReporter -->
<testsuite ignored="0" hostname="qualitrix-thinkpad-e480" failures="0" tests="1" name="org.testscript.creator.LessonplanCreation" time="386.468" errors="0" timestamp="19 Feb 2019 12:47:50 GMT" skipped="0">
  <testcase classname="org.testscript.creator.LessonplanCreation" name="createLessonAndVerify" time="386.468"/>
</testsuite> <!-- org.testscript.creator.LessonplanCreation -->
