<?xml version="1.0" encoding="UTF-8"?>
<!-- Generated by org.testng.reporters.JUnitReportReporter -->
<testsuite ignored="0" hostname="Qualitrix-LinuxPC" failures="0" tests="1" name="org.testscripts.DeleteTheCreatedContent" time="0.001" errors="0" timestamp="25 Oct 2018 08:18:00 GMT" skipped="1">
  <testcase classname="org.testscripts.DeleteTheCreatedContent" name="deleteTheCreatedContent" time="0.001">
    <skipped/>
  </testcase> <!-- deleteTheCreatedContent -->
</testsuite> <!-- org.testscripts.DeleteTheCreatedContent -->
