<?xml version="1.0" encoding="UTF-8"?>
<!-- Generated by org.testng.reporters.JUnitReportReporter -->
<testsuite name="org.testscript.creator.CreateLessonAndVerify" tests="1" time="276.214" ignored="0" failures="0" timestamp="16 Jan 2019 11:43:54 GMT" skipped="0" hostname="qualitrix-Inspiron-3521" errors="0">
  <testcase name="createLessonAndVerify" time="276.214" classname="org.testscript.creator.CreateLessonAndVerify"/>
</testsuite> <!-- org.testscript.creator.CreateLessonAndVerify -->
