<?xml version="1.0" encoding="UTF-8"?>
<!-- Generated by org.testng.reporters.JUnitReportReporter -->
<testsuite ignored="0" hostname="Qualitrix-LinuxPC" failures="0" tests="1" name="org.testscript.creator.ResourceCreationAndPublish" time="215.207" errors="0" timestamp="17 Dec 2018 11:04:48 GMT" skipped="0">
  <testcase classname="org.testscript.creator.ResourceCreationAndPublish" name="creatorResourceAndVerify" time="215.207"/>
</testsuite> <!-- org.testscript.creator.ResourceCreationAndPublish -->
