<?xml version="1.0" encoding="UTF-8"?>
<!-- Generated by org.testng.reporters.JUnitReportReporter -->
<testsuite ignored="0" hostname="Qualitrix-LinuxPC" failures="0" tests="1" name="org.testscript.creator.InvalidDialCodesInBookCreation" time="86.340" errors="0" timestamp="13 Feb 2019 08:59:39 GMT" skipped="0">
  <testcase classname="org.testscript.creator.InvalidDialCodesInBookCreation" name="invalidDialCodesInBookCreation" time="86.340"/>
</testsuite> <!-- org.testscript.creator.InvalidDialCodesInBookCreation -->
